15:32:39.040 skipping bootstrap configuration: could not find or read file: classpath:karate-config.js
15:32:39.964 request:
1 > GET https://reqres.in/api/users/2
1 > Accept-Encoding: gzip,deflate
1 > Connection: Keep-Alive
1 > Host: reqres.in
1 > User-Agent: Apache-HttpClient/4.5.5 (Java/1.8.0_231)

15:32:40.343 response time in milliseconds: 374.15
1 < 200
1 < Access-Control-Allow-Origin: *
1 < Age: 46
1 < CF-Cache-Status: HIT
1 < CF-RAY: 5802ea126b44c918-HYD
1 < Cache-Control: max-age=14400
1 < Connection: keep-alive
1 < Content-Type: application/json; charset=utf-8
1 < Date: Tue, 07 Apr 2020 10:02:40 GMT
1 < Etag: W/"173-1Z8bn0V7UjH6FK7NCaza1ccWXQk"
1 < Expect-CT: max-age=604800, report-uri="https://report-uri.cloudflare.com/cdn-cgi/beacon/expect-ct"
1 < Server: cloudflare
1 < Set-Cookie: __cfduid=d3c3ecda79501097c1d668f066ae045181586253760; expires=Thu, 07-May-20 10:02:40 GMT; path=/; domain=.reqres.in; HttpOnly; SameSite=Lax; Secure
1 < Transfer-Encoding: chunked
1 < Vary: Accept-Encoding
1 < Via: 1.1 vegur
1 < X-Powered-By: Express
{"data":{"id":2,"email":"janet.weaver@reqres.in","first_name":"Janet","last_name":"Weaver","avatar":"https://s3.amazonaws.com/uifaces/faces/twitter/josephstein/128.jpg"},"ad":{"company":"StatusCode Weekly","url":"http://statuscode.org/","text":"A weekly newsletter focusing on software development, infrastructure, the server, performance, and the stack end of things."}}

15:32:40.522 [print] {
  "data": {
    "id": 2,
    "email": "janet.weaver@reqres.in",
    "first_name": "Janet",
    "last_name": "Weaver",
    "avatar": "https://s3.amazonaws.com/uifaces/faces/twitter/josephstein/128.jpg"
  },
  "ad": {
    "company": "StatusCode Weekly",
    "url": "http://statuscode.org/",
    "text": "A weekly newsletter focusing on software development, infrastructure, the server, performance, and the stack end of things."
  }
}

