17:49:50.786 request:
1 > GET https://reqres.in/api/users/2
1 > Accept-Encoding: gzip,deflate
1 > Connection: Keep-Alive
1 > Host: reqres.in
1 > User-Agent: Apache-HttpClient/4.5.11 (Java/1.8.0_231)

17:49:51.266 response time in milliseconds: 474.50
1 < 200
1 < Access-Control-Allow-Origin: *
1 < Age: 899
1 < CF-Cache-Status: HIT
1 < CF-RAY: 5803b30daac8c95c-HYD
1 < Cache-Control: max-age=14400
1 < Connection: keep-alive
1 < Content-Type: application/json; charset=utf-8
1 < Date: Tue, 07 Apr 2020 12:19:52 GMT
1 < Etag: W/"173-1Z8bn0V7UjH6FK7NCaza1ccWXQk"
1 < Expect-CT: max-age=604800, report-uri="https://report-uri.cloudflare.com/cdn-cgi/beacon/expect-ct"
1 < Server: cloudflare
1 < Set-Cookie: __cfduid=d2e0a99b9adb7fd93530689b4644ea95d1586261992; expires=Thu, 07-May-20 12:19:52 GMT; path=/; domain=.reqres.in; HttpOnly; SameSite=Lax; Secure
1 < Transfer-Encoding: chunked
1 < Vary: Accept-Encoding
1 < Via: 1.1 vegur
1 < X-Powered-By: Express
{"data":{"id":2,"email":"janet.weaver@reqres.in","first_name":"Janet","last_name":"Weaver","avatar":"https://s3.amazonaws.com/uifaces/faces/twitter/josephstein/128.jpg"},"ad":{"company":"StatusCode Weekly","url":"http://statuscode.org/","text":"A weekly newsletter focusing on software development, infrastructure, the server, performance, and the stack end of things."}}

17:49:51.270 [print] {
  "ad": {
    "company": "StatusCode Weekly",
    "text": "A weekly newsletter focusing on software development, infrastructure, the server, performance, and the stack end of things.",
    "url": "http://statuscode.org/"
  },
  "data": {
    "last_name": "Weaver",
    "id": 2,
    "avatar": "https://s3.amazonaws.com/uifaces/faces/twitter/josephstein/128.jpg",
    "first_name": "Janet",
    "email": "janet.weaver@reqres.in"
  }
}

17:49:51.312 [print] {
  "ad": {
    "company": "StatusCode Weekly",
    "text": "A weekly newsletter focusing on software development, infrastructure, the server, performance, and the stack end of things.",
    "url": "http://statuscode.org/"
  },
  "data": {
    "last_name": "#ignore",
    "id": 2,
    "avatar": "https://s3.amazonaws.com/uifaces/faces/twitter/josephstein/128.jpg",
    "first_name": "Janet",
    "email": "janet.weaver@reqres.in"
  }
}

17:49:51.379 request:
1 > GET https://reqres.in/api/users/3
1 > Accept-Encoding: gzip,deflate
1 > Connection: Keep-Alive
1 > Host: reqres.in
1 > User-Agent: Apache-HttpClient/4.5.11 (Java/1.8.0_231)

17:49:51.429 response time in milliseconds: 48.49
1 < 200
1 < Access-Control-Allow-Origin: *
1 < Age: 7093
1 < CF-Cache-Status: HIT
1 < CF-RAY: 5803b30efac1c948-HYD
1 < Cache-Control: max-age=14400
1 < Connection: keep-alive
1 < Content-Type: application/json; charset=utf-8
1 < Date: Tue, 07 Apr 2020 12:19:52 GMT
1 < Etag: W/"16e-/dQyOreIv6pEupp8RbP+u+utK/A"
1 < Expect-CT: max-age=604800, report-uri="https://report-uri.cloudflare.com/cdn-cgi/beacon/expect-ct"
1 < Server: cloudflare
1 < Set-Cookie: __cfduid=d66fc1ca1ef41774f3fa1f42b24feac0c1586261992; expires=Thu, 07-May-20 12:19:52 GMT; path=/; domain=.reqres.in; HttpOnly; SameSite=Lax; Secure
1 < Transfer-Encoding: chunked
1 < Vary: Accept-Encoding
1 < Via: 1.1 vegur
1 < X-Powered-By: Express
{"data":{"id":3,"email":"emma.wong@reqres.in","first_name":"Emma","last_name":"Wong","avatar":"https://s3.amazonaws.com/uifaces/faces/twitter/olegpogodaev/128.jpg"},"ad":{"company":"StatusCode Weekly","url":"http://statuscode.org/","text":"A weekly newsletter focusing on software development, infrastructure, the server, performance, and the stack end of things."}}

17:49:51.436 [print] response-3-----------> {
  "ad": {
    "company": "StatusCode Weekly",
    "text": "A weekly newsletter focusing on software development, infrastructure, the server, performance, and the stack end of things.",
    "url": "http://statuscode.org/"
  },
  "data": {
    "last_name": "Wong",
    "id": 3,
    "avatar": "https://s3.amazonaws.com/uifaces/faces/twitter/olegpogodaev/128.jpg",
    "first_name": "Emma",
    "email": "emma.wong@reqres.in"
  }
}

17:49:51.460 [print] first_name_val----------- Emma

    "avatar": "https://s3.amazonaws.com/uifaces/faces/twitter/olegpogodaev/128.jpg",
    "first_name": "Emma",
    "email": "emma.wong@reqres.in"
  }
}

17:48:16.879 [print] first_name_val----------- Emma

5 - null
-unknown-:8 - 
-unknown-:5 - null
-unknown-:5 - null
-unknown-:8 - 
-unknown-:8 - 
-unknown-:5 - null
-unknown-:5 - null
-unknown-:8 - 
-unknown-:5 - null
-unknown-:5 - null
17:03:48.402 feature call failed: classpath:DemoApi/karate/features/sample.feature
arg: null
-unknown-:5 - null
-unknown-:5 - null
17:03:48.430 feature call failed: classpath:DemoApi/karate/features/sample.feature
arg: null
-unknown-:5 - null
-unknown-:5 - null
17:03:48.431 feature call failed: classpath:DemoApi/karate/features/sample.feature
arg: null
-unknown-:8 - 
-unknown-:5 - null
-unknown-:5 - null
-unknown-:8 - 
-unknown-:5 - null
-unknown-:5 - null
17:03:48.461 feature call failed: classpath:DemoApi/karate/features/sample.feature
arg: null
-unknown-:5 - null
-unknown-:5 - null
17:03:48.485 feature call failed: classpath:DemoApi/karate/features/sample.feature
arg: null
-unknown-:5 - null
-unknown-:5 - null
17:03:48.485 feature call failed: classpath:DemoApi/karate/features/sample.feature
arg: null
-unknown-:8 - 
-unknown-:5 - null
-unknown-:5 - null
-unknown-:8 - 
-unknown-:5 - null
-unknown-:5 - null
17:03:48.486 feature call failed: classpath:DemoApi/karate/features/sample.feature
arg: null
-unknown-:8 - 
-unknown-:8 - 
-unknown-:5 - null
-unknown-:5 - null
-unknown-:8 - 
-unknown-:5 - null
-unknown-:5 - null
-unknown-:8 - 
-unknown-:8 - 
-unknown-:5 - null
-unknown-:5 - null
-unknown-:8 - 
-unknown-:5 - null
-unknown-:5 - null
17:03:48.487 feature call failed: classpath:DemoApi/karate/features/sample.feature
arg: null
-unknown-:8 - 
-unknown-:8 - 
-unknown-:8 - 
-unknown-:5 - null
-unknown-:5 - null
-unknown-:8 - 
-unknown-:5 - null
-unknown-:5 - null
-unknown-:8 - 
-unknown-:8 - 
-unknown-:5 - null
-unknown-:5 - null
-unknown-:8 - 
-unknown-:5 - null
-unknown-:5 - null
-unknown-:8 - 
-unknown-:8 - 
-unknown-:8 - 
-unknown-:5 - null
-unknown-:5 - null
-unknown-:8 - 
-unknown-:5 - null
-unknown-:5 - null
-unknown-:8 - 
-unknown-:8 - 
-unknown-:5 - null
-unknown-:5 - null
-unknown-:8 - 
-unknown-:5 - null
-unknown-:5 - null
17:03:48.488 feature call failed: classpath:DemoApi/karate/features/sample.feature
arg: null
-unknown-:8 - 
-unknown-:8 - 
-unknown-:8 - 
-unknown-:8 - 
-unknown-:5 - null
-unknown-:5 - null
-unknown-:8 - 
-unknown-:5 - null
-unknown-:5 - null
-unknown-:8 - 
-unknown-:8 - 
-unknown-:5 - null
-unknown-:5 - null
-unknown-:8 - 
-unknown-:5 - null
-unknown-:5 - null
-unknown-:8 - 
-unknown-:8 - 
-unknown-:8 - 
-unknown-:5 - null
-unknown-:5 - null
-unknown-:8 - 
-unknown-:5 - null
-unknown-:5 - null
-unknown-:8 - 
-unknown-:8 - 
-unknown-:5 - null
-unknown-:5 - null
-unknown-:8 - 
-unknown-:5 - null
-unknown-:5 - null
-unknown-:8 - 
-unknown-:8 - 
-unknown-:8 - 
-unknown-:8 - 
-unknown-:5 - null
-unknown-:5 - null
-unknown-:8 - 
-unknown-:5 - null
-unknown-:5 - null
-unknown-:8 - 
-unknown-:8 - 
-unknown-:5 - null
-unknown-:5 - null
-unknown-:8 - 
-unknown-:5 - null
-unknown-:5 - null
-unknown-:8 - 
-unknown-:8 - 
-unknown-:8 - 
-unknown-:5 - null
-unknown-:5 - null
-unknown-:8 - 
-unknown-:5 - null
-unknown-:5 - null
-unknown-:8 - 
-unknown-:8 - 
-unknown-:5 - null
-unknown-:5 - null
-unknown-:8 - 
-unknown-:5 - null
-unknown-:5 - null
17:03:48.542 feature call failed: classpath:DemoApi/karate/features/sample.feature
arg: null
-unknown-:5 - null
-unknown-:5 - null
17:03:48.565 feature call failed: classpath:DemoApi/karate/features/sample.feature
arg: null
-unknown-:5 - null
-unknown-:5 - null
17:03:48.566 feature call failed: classpath:DemoApi/karate/features/sample.feature
arg: null
-unknown-:8 - 
-unknown-:5 - null
-unknown-:5 - null
-unknown-:8 - 
-unknown-:5 - null
-unknown-:5 - null
17:03:48.607 feature call failed: classpath:DemoApi/karate/features/sample.feature
arg: null
-unknown-:5 - null
-unknown-:5 - null
17:03:48.633 feature call failed: classpath:DemoApi/karate/features/sample.feature
arg: null
-unknown-:5 - null
-unknown-:5 - null
17:03:48.635 feature call failed: classpath:DemoApi/karate/features/sample.feature
arg: null
-unknown-:8 - 
-unknown-:5 - null
-unknown-:5 - null
-unknown-:8 - 
-unknown-:5 - null
-unknown-:5 - null
17:03:48.638 feature call failed: classpath:DemoApi/karate/features/sample.feature
arg: null
-unknown-:8 - 
-unknown-:8 - 
-unknown-:5 - null
-unknown-:5 - null
-unknown-:8 - 
-unknown-:5 - null
-unknown-:5 - null
-unknown-:8 - 
-unknown-:8 - 
-unknown-:5 - null
-unknown-:5 - null
-unknown-:8 - 
-unknown-:5 - null
-unknown-:5 - null
17:03:48.685 feature call failed: classpath:DemoApi/karate/features/sample.feature
arg: null
-unknown-:5 - null
-unknown-:5 - null
17:03:48.719 feature call failed: classpath:DemoApi/karate/features/sample.feature
arg: null
-unknown-:5 - null
-unknown-:5 - null
17:03:48.720 feature call failed: classpath:DemoApi/karate/features/sample.feature
arg: null
-unknown-:8 - 
-unknown-:5 - null
-unknown-:5 - null
-unknown-:8 - 
-unknown-:5 - null
-unknown-:5 - null
17:03:48.758 feature call failed: classpath:DemoApi/karate/features/sample.feature
arg: null
-unknown-:5 - null
-unknown-:5 - null
17:03:48.785 feature call failed: classpath:DemoApi/karate/features/sample.feature
arg: null
-unknown-:5 - null
-unknown-:5 - null
17:03:48.786 feature call failed: classpath:DemoApi/karate/features/sample.feature
arg: null
-unknown-:8 - 
-unknown-:5 - null
-unknown-:5 - null
-unknown-:8 - 
-unknown-:5 - null
-unknown-:5 - null
17:03:48.787 feature call failed: classpath:DemoApi/karate/features/sample.feature
arg: null
-unknown-:8 - 
-unknown-:8 - 
-unknown-:5 - null
-unknown-:5 - null
-unknown-:8 - 
-unknown-:5 - null
-unknown-:5 - null
-unknown-:8 - 
-unknown-:8 - 
-unknown-:5 - null
-unknown-:5 - null
-unknown-:8 - 
-unknown-:5 - null
-unknown-:5 - null
17:03:48.788 feature call failed: classpath:DemoApi/karate/features/sample.feature
arg: null
-unknown-:8 - 
-unknown-:8 - 
-unknown-:8 - 
-unknown-:5 - null
-unknown-:5 - null
-unknown-:8 - 
-unknown-:5 - null
-unknown-:5 - null
-unknown-:8 - 
-unknown-:8 - 
-unknown-:5 - null
-unknown-:5 - null
-unknown-:8 - 
-unknown-:5 - null
-unknown-:5 - null
-unknown-:8 - 
-unknown-:8 - 
-unknown-:8 - 
-unknown-:5 - null
-unknown-:5 - null
-unknown-:8 - 
-unknown-:5 - null
-unknown-:5 - null
-unknown-:8 - 
-unknown-:8 - 
-unknown-:5 - null
-unknown-:5 - null
-unknown-:8 - 
-unknown-:5 - null
-unknown-:5 - null
17:03:48.849 feature call failed: classpath:DemoApi/karate/features/sample.feature
arg: null
-unknown-:5 - null
-unknown-:5 - null
17:03:48.950 feature call failed: classpath:DemoApi/karate/features/sample.feature
arg: null
-unknown-:5 - null
-unknown-:5 - null
17:03:48.952 feature call failed: classpath:DemoApi/karate/features/sample.feature
arg: null
-unknown-:8 - 
-unknown-:5 - null
-unknown-:5 - null
-unknown-:8 - 
-unknown-:5 - null
-unknown-:5 - null
17:03:48.992 feature call failed: classpath:DemoApi/karate/features/sample.feature
arg: null
-unknown-:5 - null
-unknown-:5 - null
17:03:49.026 feature call failed: classpath:DemoApi/karate/features/sample.feature
arg: null
-unknown-:5 - null
-unknown-:5 - null
17:03:49.027 feature call failed: classpath:DemoApi/karate/features/sample.feature
arg: null
-unknown-:8 - 
-unknown-:5 - null
-unknown-:5 - null
-unknown-:8 - 
-unknown-:5 - null
-unknown-:5 - null
17:03:49.028 feature call failed: classpath:DemoApi/karate/features/sample.feature
arg: null
-unknown-:8 - 
-unknown-:8 - 
-unknown-:5 - null
-unknown-:5 - null
-unknown-:8 - 
-unknown-:5 - null
-unknown-:5 - null
-unknown-:8 - 
-unknown-:8 - 
-unknown-:5 - null
-unknown-:5 - null
-unknown-:8 - 
-unknown-:5 - null
-unknown-:5 - null
17:03:49.078 feature call failed: classpath:DemoApi/karate/features/sample.feature
arg: null
-unknown-:5 - null
-unknown-:5 - null
17:03:49.101 feature call failed: classpath:DemoApi/karate/features/sample.feature
arg: null
-unknown-:5 - null
-unknown-:5 - null
17:03:49.103 feature call failed: classpath:DemoApi/karate/features/sample.feature
arg: null
-unknown-:8 - 
-unknown-:5 - null
-unknown-:5 - null
-unknown-:8 - 
-unknown-:5 - null
-unknown-:5 - null
17:03:49.139 feature call failed: classpath:DemoApi/karate/features/sample.feature
arg: null
-unknown-:5 - null
-unknown-:5 - null
17:03:49.160 feature call failed: classpath:DemoApi/karate/features/sample.feature
arg: null
-unknown-:5 - null
-unknown-:5 - null
17:03:49.162 feature call failed: classpath:DemoApi/karate/features/sample.feature
arg: null
-unknown-:8 - 
-unknown-:5 - null
-unknown-:5 - null
-unknown-:8 - 
-unknown-:5 - null
-unknown-:5 - null
17:03:49.163 feature call failed: classpath:DemoApi/karate/features/sample.feature
arg: null
-unknown-:8 - 
-unknown-:8 - 
-unknown-:5 - null
-unknown-:5 - null
-unknown-:8 - 
-unknown-:5 - null
-unknown-:5 - null
-unknown-:8 - 
-unknown-:8 - 
-unknown-:5 - null
-unknown-:5 - null
-unknown-:8 - 
-unknown-:5 - null
-unknown-:5 - null
17:03:49.164 feature call failed: classpath:DemoApi/karate/features/sample.feature
arg: null
-unknown-:8 - 
-unknown-:8 - 
-unknown-:8 - 
-unknown-:5 - null
-unknown-:5 - null
-unknown-:8 - 
-unknown-:5 - null
-unknown-:5 - null
-unknown-:8 - 
-unknown-:8 - 
-unknown-:5 - null
-unknown-:5 - null
-unknown-:8 - 
-unknown-:5 - null
-unknown-:5 - null
-unknown-:8 - 
-unknown-:8 - 
-unknown-:8 - 
-unknown-:5 - null
-unknown-:5 - null
-unknown-:8 - 
-unknown-:5 - null
-unknown-:5 - null
-unknown-:8 - 
-unknown-:8 - 
-unknown-:5 - null
-unknown-:5 - null
-unknown-:8 - 
-unknown-:5 - null
-unknown-:5 - null
17:03:49.165 feature call failed: classpath:DemoApi/karate/features/sample.feature
arg: null
-unknown-:8 - 
-unknown-:8 - 
-unknown-:8 - 
-unknown-:8 - 
-unknown-:5 - null
-unknown-:5 - null
-unknown-:8 - 
-unknown-:5 - null
-unknown-:5 - null
-unknown-:8 - 
-unknown-:8 - 
-unknown-:5 - null
-unknown-:5 - null
-unknown-:8 - 
-unknown-:5 - null
-unknown-:5 - null
-unknown-:8 - 
-unknown-:8 - 
-unknown-:8 - 
-unknown-:5 - null
-unknown-:5 - null
-unknown-:8 - 
-unknown-:5 - null
-unknown-:5 - null
-unknown-:8 - 
-unknown-:8 - 
-unknown-:5 - null
-unknown-:5 - null
-unknown-:8 - 
-unknown-:5 - null
-unknown-:5 - null
-unknown-:8 - 
-unknown-:8 - 
-unknown-:8 - 
-unknown-:8 - 
-unknown-:5 - null
-unknown-:5 - null
-unknown-:8 - 
-unknown-:5 - null
-unknown-:5 - null
-unknown-:8 - 
-unknown-:8 - 
-unknown-:5 - null
-unknown-:5 - null
-unknown-:8 - 
-unknown-:5 - null
-unknown-:5 - null
-unknown-:8 - 
-unknown-:8 - 
-unknown-:8 - 
-unknown-:5 - null
-unknown-:5 - null
-unknown-:8 - 
-unknown-:5 - null
-unknown-:5 - null
-unknown-:8 - 
-unknown-:8 - 
-unknown-:5 - null
-unknown-:5 - null
-unknown-:8 - 
-unknown-:5 - null
-unknown-:5 - null
17:03:49.166 feature call failed: classpath:DemoApi/karate/features/sample.feature
arg: null
-unknown-:8 - 
-unknown-:8 - 
-unknown-:8 - 
-unknown-:8 - 
-unknown-:8 - 
-unknown-:5 - null
-unknown-:5 - null
-unknown-:8 - 
-unknown-:5 - null
-unknown-:5 - null
-unknown-:8 - 
-unknown-:8 - 
-unknown-:5 - null
-unknown-:5 - null
-unknown-:8 - 
-unknown-:5 - null
-unknown-:5 - null
-unknown-:8 - 
-unknown-:8 - 
-unknown-:8 - 
-unknown-:5 - null
-unknown-:5 - null
-unknown-:8 - 
-unknown-:5 - null
-unknown-:5 - null
-unknown-:8 - 
-unknown-:8 - 
-unknown-:5 - null
-unknown-:5 - null
-unknown-:8 - 
-unknown-:5 - null
-unknown-:5 - null
-unknown-:8 - 
-unknown-:8 - 
-unknown-:8 - 
-unknown-:8 - 
-unknown-:5 - null
-unknown-:5 - null
-unknown-:8 - 
-unknown-:5 - null
-unknown-:5 - null
-unknown-:8 - 
-unknown-:8 - 
-unknown-:5 - null
-unknown-:5 - null
-unknown-:8 - 
-unknown-:5 - null
-unknown-:5 - null
-unknown-:8 - 
-unknown-:8 - 
-unknown-:8 - 
-unknown-:5 - null
-unknown-:5 - null
-unknown-:8 - 
-unknown-:5 - null
-unknown-:5 - null
-unknown-:8 - 
-unknown-:8 - 
-unknown-:5 - null
-unknown-:5 - null
-unknown-:8 - 
-unknown-:5 - null
-unknown-:5 - null
-unknown-:8 - 
-unknown-:8 - 
-unknown-:8 - 
-unknown-:8 - 
-unknown-:8 - 
-unknown-:5 - null
-unknown-:5 - null
-unknown-:8 - 
-unknown-:5 - null
-unknown-:5 - null
-unknown-:8 - 
-unknown-:8 - 
-unknown-:5 - null
-unknown-:5 - null
-unknown-:8 - 
-unknown-:5 - null
-unknown-:5 - null
-unknown-:8 - 
-unknown-:8 - 
-unknown-:8 - 
-unknown-:5 - null
-unknown-:5 - null
-unknown-:8 - 
-unknown-:5 - null
-unknown-:5 - null
-unknown-:8 - 
-unknown-:8 - 
-unknown-:5 - null
-unknown-:5 - null
-unknown-:8 - 
-unknown-:5 - null
-unknown-:5 - null
-unknown-:8 - 
-unknown-:8 - 
-unknown-:8 - 
-unknown-:8 - 
-unknown-:5 - null
-unknown-:5 - null
-unknown-:8 - 
-unknown-:5 - null
-unknown-:5 - null
-unknown-:8 - 
-unknown-:8 - 
-unknown-:5 - null
-unknown-:5 - null
-unknown-:8 - 
-unknown-:5 - null
-unknown-:5 - null
-unknown-:8 - 
-unknown-:8 - 
-unknown-:8 - 
-unknown-:5 - null
-unknown-:5 - null
-unknown-:8 - 
-unknown-:5 - null
-unknown-:5 - null
-unknown-:8 - 
-unknown-:8 - 
-unknown-:5 - null
-unknown-:5 - null
-unknown-:8 - 
-unknown-:5 - null
-unknown-:5 - null
17:03:49.234 feature call failed: classpath:DemoApi/karate/features/sample.feature
arg: null
-unknown-:5 - null
-unknown-:5 - null
17:03:49.255 feature call failed: classpath:DemoApi/karate/features/sample.feature
arg: null
-unknown-:5 - null
-unknown-:5 - null
17:03:49.256 feature call failed: classpath:DemoApi/karate/features/sample.feature
arg: null
-unknown-:8 - 
-unknown-:5 - null
-unknown-:5 - null
-unknown-:8 - 
-unknown-:5 - null
-unknown-:5 - null
17:03:49.284 feature call failed: classpath:DemoApi/karate/features/sample.feature
arg: null
-unknown-:5 - null
-unknown-:5 - null
17:03:49.302 feature call failed: classpath:DemoApi/karate/features/sample.feature
arg: null
-unknown-:5 - null
-unknown-:5 - null
17:03:49.303 feature call failed: classpath:DemoApi/karate/features/sample.feature
arg: null
-unknown-:8 - 
-unknown-:5 - null
-unknown-:5 - null
-unknown-:8 - 
-unknown-:5 - null
-unknown-:5 - null
17:03:49.304 feature call failed: classpath:DemoApi/karate/features/sample.feature
arg: null
-unknown-:8 - 
-unknown-:8 - 
-unknown-:5 - null
-unknown-:5 - null
-unknown-:8 - 
-unknown-:5 - null
-unknown-:5 - null
-unknown-:8 - 
-unknown-:8 - 
-unknown-:5 - null
-unknown-:5 - null
-unknown-:8 - 
-unknown-:5 - null
-unknown-:5 - null
17:03:49.345 feature call failed: classpath:DemoApi/karate/features/sample.feature
arg: null
-unknown-:5 - null
-unknown-:5 - null
17:03:49.366 feature call failed: classpath:DemoApi/karate/features/sample.feature
arg: null
-unknown-:5 - null
-unknown-:5 - null
17:03:49.367 feature call failed: classpath:DemoApi/karate/features/sample.feature
arg: null
-unknown-:8 - 
-unknown-:5 - null
-unknown-:5 - null
-unknown-:8 - 
-unknown-:5 - null
-unknown-:5 - null
17:03:49.395 feature call failed: classpath:DemoApi/karate/features/sample.feature
arg: null
-unknown-:5 - null
-unknown-:5 - null
17:03:49.417 feature call failed: classpath:DemoApi/karate/features/sample.feature
arg: null
-unknown-:5 - null
-unknown-:5 - null
17:03:49.418 feature call failed: classpath:DemoApi/karate/features/sample.feature
arg: null
-unknown-:8 - 
-unknown-:5 - null
-unknown-:5 - null
-unknown-:8 - 
-unknown-:5 - null
-unknown-:5 - null
17:03:49.419 feature call failed: classpath:DemoApi/karate/features/sample.feature
arg: null
-unknown-:8 - 
-unknown-:8 - 
-unknown-:5 - null
-unknown-:5 - null
-unknown-:8 - 
-unknown-:5 - null
-unknown-:5 - null
-unknown-:8 - 
-unknown-:8 - 
-unknown-:5 - null
-unknown-:5 - null
-unknown-:8 - 
-unknown-:5 - null
-unknown-:5 - null
17:03:49.420 feature call failed: classpath:DemoApi/karate/features/sample.feature
arg: null
-unknown-:8 - 
-unknown-:8 - 
-unknown-:8 - 
-unknown-:5 - null
-unknown-:5 - null
-unknown-:8 - 
-unknown-:5 - null
-unknown-:5 - null
-unknown-:8 - 
-unknown-:8 - 
-unknown-:5 - null
-unknown-:5 - null
-unknown-:8 - 
-unknown-:5 - null
-unknown-:5 - null
-unknown-:8 - 
-unknown-:8 - 
-unknown-:8 - 
-unknown-:5 - null
-unknown-:5 - null
-unknown-:8 - 
-unknown-:5 - null
-unknown-:5 - null
-unknown-:8 - 
-unknown-:8 - 
-unknown-:5 - null
-unknown-:5 - null
-unknown-:8 - 
-unknown-:5 - null
-unknown-:5 - null
17:03:49.462 feature call failed: classpath:DemoApi/karate/features/sample.feature
arg: null
-unknown-:5 - null
-unknown-:5 - null
17:03:49.487 feature call failed: classpath:DemoApi/karate/features/sample.feature
arg: null
-unknown-:5 - null
-unknown-:5 - null
17:03:49.487 feature call failed: classpath:DemoApi/karate/features/sample.feature
arg: null
-unknown-:8 - 
-unknown-:5 - null
-unknown-:5 - null
-unknown-:8 - 
-unknown-:5 - null
-unknown-:5 - null
17:03:49.514 feature call failed: classpath:DemoApi/karate/features/sample.feature
arg: null
-unknown-:5 - null
-unknown-:5 - null
17:03:49.535 feature call failed: classpath:DemoApi/karate/features/sample.feature
arg: null
-unknown-:5 - null
-unknown-:5 - null
17:03:49.536 feature call failed: classpath:DemoApi/karate/features/sample.feature
arg: null
-unknown-:8 - 
-unknown-:5 - null
-unknown-:5 - null
-unknown-:8 - 
-unknown-:5 - null
-unknown-:5 - null
17:03:49.536 feature call failed: classpath:DemoApi/karate/features/sample.feature
arg: null
-unknown-:8 - 
-unknown-:8 - 
-unknown-:5 - null
-unknown-:5 - null
-unknown-:8 - 
-unknown-:5 - null
-unknown-:5 - null
-unknown-:8 - 
-unknown-:8 - 
-unknown-:5 - null
-unknown-:5 - null
-unknown-:8 - 
-unknown-:5 - null
-unknown-:5 - null
17:03:49.537 feature call failed: classpath:DemoApi/karate/features/sample.feature
arg: null
-unknown-:8 - 
-unknown-:8 - 
-unknown-:8 - 
-unknown-:8 - 
-unknown-:5 - null
-unknown-:5 - null
-unknown-:8 - 
-unknown-:5 - null
-unknown-:5 - null
-unknown-:8 - 
-unknown-:8 - 
-unknown-:5 - null
-unknown-:5 - null
-unknown-:8 - 
-unknown-:5 - null
-unknown-:5 - null
-unknown-:8 - 
-unknown-:8 - 
-unknown-:8 - 
-unknown-:5 - null
-unknown-:5 - null
-unknown-:8 - 
-unknown-:5 - null
-unknown-:5 - null
-unknown-:8 - 
-unknown-:8 - 
-unknown-:5 - null
-unknown-:5 - null
-unknown-:8 - 
-unknown-:5 - null
-unknown-:5 - null
-unknown-:8 - 
-unknown-:8 - 
-unknown-:8 - 
-unknown-:5 - null
-unknown-:5 - null
-unknown-:8 - 
-unknown-:5 - null
-unknown-:5 - null
-unknown-:8 - 
-unknown-:8 - 
-unknown-:5 - null
-unknown-:5 - null
-unknown-:8 - 
-unknown-:5 - null
-unknown-:5 - null
17:03:49.582 feature call failed: classpath:DemoApi/karate/features/sample.feature
arg: null
-unknown-:5 - null
-unknown-:5 - null
17:03:49.602 feature call failed: classpath:DemoApi/karate/features/sample.feature
arg: null
-unknown-:5 - null
-unknown-:5 - null
17:03:49.603 feature call failed: classpath:DemoApi/karate/features/sample.feature
arg: null
-unknown-:8 - 
-unknown-:5 - null
-unknown-:5 - null
-unknown-:8 - 
-unknown-:5 - null
-unknown-:5 - null
17:03:49.635 feature call failed: classpath:DemoApi/karate/features/sample.feature
arg: null
-unknown-:5 - null
-unknown-:5 - null
17:03:49.659 feature call failed: classpath:DemoApi/karate/features/sample.feature
arg: null
-unknown-:5 - null
-unknown-:5 - null
17:03:49.660 feature call failed: classpath:DemoApi/karate/features/sample.feature
arg: null
-unknown-:8 - 
-unknown-:5 - null
-unknown-:5 - null
-unknown-:8 - 
-unknown-:5 - null
-unknown-:5 - null
17:03:49.661 feature call failed: classpath:DemoApi/karate/features/sample.feature
arg: null
-unknown-:8 - 
-unknown-:8 - 
-unknown-:5 - null
-unknown-:5 - null
-unknown-:8 - 
-unknown-:5 - null
-unknown-:5 - null
-unknown-:8 - 
-unknown-:8 - 
-unknown-:5 - null
-unknown-:5 - null
-unknown-:8 - 
-unknown-:5 - null
-unknown-:5 - null
17:03:49.696 feature call failed: classpath:DemoApi/karate/features/sample.feature
arg: null
-unknown-:5 - null
-unknown-:5 - null
17:03:49.720 feature call failed: classpath:DemoApi/karate/features/sample.feature
arg: null
-unknown-:5 - null
-unknown-:5 - null
17:03:49.721 feature call failed: classpath:DemoApi/karate/features/sample.feature
arg: null
-unknown-:8 - 
-unknown-:5 - null
-unknown-:5 - null
-unknown-:8 - 
-unknown-:5 - null
-unknown-:5 - null
17:03:49.758 feature call failed: classpath:DemoApi/karate/features/sample.feature
arg: null
-unknown-:5 - null
-unknown-:5 - null
17:03:49.789 feature call failed: classpath:DemoApi/karate/features/sample.feature
arg: null
-unknown-:5 - null
-unknown-:5 - null
17:03:49.790 feature call failed: classpath:DemoApi/karate/features/sample.feature
arg: null
-unknown-:8 - 
-unknown-:5 - null
-unknown-:5 - null
-unknown-:8 - 
-unknown-:5 - null
-unknown-:5 - null
17:03:49.791 feature call failed: classpath:DemoApi/karate/features/sample.feature
arg: null
-unknown-:8 - 
-unknown-:8 - 
-unknown-:5 - null
-unknown-:5 - null
-unknown-:8 - 
-unknown-:5 - null
-unknown-:5 - null
-unknown-:8 - 
-unknown-:8 - 
-unknown-:5 - null
-unknown-:5 - null
-unknown-:8 - 
-unknown-:5 - null
-unknown-:5 - null
17:03:49.792 feature call failed: classpath:DemoApi/karate/features/sample.feature
arg: null
-unknown-:8 - 
-unknown-:8 - 
-unknown-:8 - 
-unknown-:5 - null
-unknown-:5 - null
-unknown-:8 - 
-unknown-:5 - null
-unknown-:5 - null
-unknown-:8 - 
-unknown-:8 - 
-unknown-:5 - null
-unknown-:5 - null
-unknown-:8 - 
-unknown-:5 - null
-unknown-:5 - null
-unknown-:8 - 
-unknown-:8 - 
-unknown-:8 - 
-unknown-:5 - null
-unknown-:5 - null
-unknown-:8 - 
-unknown-:5 - null
-unknown-:5 - null
-unknown-:8 - 
-unknown-:8 - 
-unknown-:5 - null
-unknown-:5 - null
-unknown-:8 - 
-unknown-:5 - null
-unknown-:5 - null
17:03:49.793 feature call failed: classpath:DemoApi/karate/features/sample.feature
arg: null
-unknown-:8 - 
-unknown-:8 - 
-unknown-:8 - 
-unknown-:8 - 
-unknown-:8 - 
-unknown-:5 - null
-unknown-:5 - null
-unknown-:8 - 
-unknown-:5 - null
-unknown-:5 - null
-unknown-:8 - 
-unknown-:8 - 
-unknown-:5 - null
-unknown-:5 - null
-unknown-:8 - 
-unknown-:5 - null
-unknown-:5 - null
-unknown-:8 - 
-unknown-:8 - 
-unknown-:8 - 
-unknown-:5 - null
-unknown-:5 - null
-unknown-:8 - 
-unknown-:5 - null
-unknown-:5 - null
-unknown-:8 - 
-unknown-:8 - 
-unknown-:5 - null
-unknown-:5 - null
-unknown-:8 - 
-unknown-:5 - null
-unknown-:5 - null
-unknown-:8 - 
-unknown-:8 - 
-unknown-:8 - 
-unknown-:5 - null
-unknown-:5 - null
-unknown-:8 - 
-unknown-:5 - null
-unknown-:5 - null
-unknown-:8 - 
-unknown-:8 - 
-unknown-:5 - null
-unknown-:5 - null
-unknown-:8 - 
-unknown-:5 - null
-unknown-:5 - null
-unknown-:8 - 
-unknown-:8 - 
-unknown-:8 - 
-unknown-:8 - 
-unknown-:5 - null
-unknown-:5 - null
-unknown-:8 - 
-unknown-:5 - null
-unknown-:5 - null
-unknown-:8 - 
-unknown-:8 - 
-unknown-:5 - null
-unknown-:5 - null
-unknown-:8 - 
-unknown-:5 - null
-unknown-:5 - null
-unknown-:8 - 
-unknown-:8 - 
-unknown-:8 - 
-unknown-:5 - null
-unknown-:5 - null
-unknown-:8 - 
-unknown-:5 - null
-unknown-:5 - null
-unknown-:8 - 
-unknown-:8 - 
-unknown-:5 - null
-unknown-:5 - null
-unknown-:8 - 
-unknown-:5 - null
-unknown-:5 - null
17:03:49.793 feature call failed: classpath:DemoApi/karate/features/sample.feature
arg: null
-unknown-:8 - 
-unknown-:8 - 
-unknown-:8 - 
-unknown-:8 - 
-unknown-:8 - 
-unknown-:8 - 
-unknown-:5 - null
-unknown-:5 - null
-unknown-:8 - 
-unknown-:5 - null
-unknown-:5 - null
-unknown-:8 - 
-unknown-:8 - 
-unknown-:5 - null
-unknown-:5 - null
-unknown-:8 - 
-unknown-:5 - null
-unknown-:5 - null
-unknown-:8 - 
-unknown-:8 - 
-unknown-:8 - 
-unknown-:5 - null
-unknown-:5 - null
-unknown-:8 - 
-unknown-:5 - null
-unknown-:5 - null
-unknown-:8 - 
-unknown-:8 - 
-unknown-:5 - null
-unknown-:5 - null
-unknown-:8 - 
-unknown-:5 - null
-unknown-:5 - null
-unknown-:8 - 
-unknown-:8 - 
-unknown-:8 - 
-unknown-:8 - 
-unknown-:5 - null
-unknown-:5 - null
-unknown-:8 - 
-unknown-:5 - null
-unknown-:5 - null
-unknown-:8 - 
-unknown-:8 - 
-unknown-:5 - null
-unknown-:5 - null
-unknown-:8 - 
-unknown-:5 - null
-unknown-:5 - null
-unknown-:8 - 
-unknown-:8 - 
-unknown-:8 - 
-unknown-:5 - null
-unknown-:5 - null
-unknown-:8 - 
-unknown-:5 - null
-unknown-:5 - null
-unknown-:8 - 
-unknown-:8 - 
-unknown-:5 - null
-unknown-:5 - null
-unknown-:8 - 
-unknown-:5 - null
-unknown-:5 - null
-unknown-:8 - 
-unknown-:8 - 
-unknown-:8 - 
-unknown-:8 - 
-unknown-:8 - 
-unknown-:5 - null
-unknown-:5 - null
-unknown-:8 - 
-unknown-:5 - null
-unknown-:5 - null
-unknown-:8 - 
-unknown-:8 - 
-unknown-:5 - null
-unknown-:5 - null
-unknown-:8 - 
-unknown-:5 - null
-unknown-:5 - null
-unknown-:8 - 
-unknown-:8 - 
-unknown-:8 - 
-unknown-:5 - null
-unknown-:5 - null
-unknown-:8 - 
-unknown-:5 - null
-unknown-:5 - null
-unknown-:8 - 
-unknown-:8 - 
-unknown-:5 - null
-unknown-:5 - null
-unknown-:8 - 
-unknown-:5 - null
-unknown-:5 - null
-unknown-:8 - 
-unknown-:8 - 
-unknown-:8 - 
-unknown-:8 - 
-unknown-:5 - null
-unknown-:5 - null
-unknown-:8 - 
-unknown-:5 - null
-unknown-:5 - null
-unknown-:8 - 
-unknown-:8 - 
-unknown-:5 - null
-unknown-:5 - null
-unknown-:8 - 
-unknown-:5 - null
-unknown-:5 - null
-unknown-:8 - 
-unknown-:8 - 
-unknown-:8 - 
-unknown-:5 - null
-unknown-:5 - null
-unknown-:8 - 
-unknown-:5 - null
-unknown-:5 - null
-unknown-:8 - 
-unknown-:8 - 
-unknown-:5 - null
-unknown-:5 - null
-unknown-:8 - 
-unknown-:5 - null
-unknown-:5 - null
-unknown-:8 - 
-unknown-:8 - 
-unknown-:8 - 
-unknown-:8 - 
-unknown-:8 - 
-unknown-:8 - 
-unknown-:5 - null
-unknown-:5 - null
-unknown-:8 - 
-unknown-:5 - null
-unknown-:5 - null
-unknown-:8 - 
-unknown-:8 - 
-unknown-:5 - null
-unknown-:5 - null
-unknown-:8 - 
-unknown-:5 - null
-unknown-:5 - null
-unknown-:8 - 
-unknown-:8 - 
-unknown-:8 - 
-unknown-:5 - null
-unknown-:5 - null
-unknown-:8 - 
-unknown-:5 - null
-unknown-:5 - null
-unknown-:8 - 
-unknown-:8 - 
-unknown-:5 - null
-unknown-:5 - null
-unknown-:8 - 
-unknown-:5 - null
-unknown-:5 - null
-unknown-:8 - 
-unknown-:8 - 
-unknown-:8 - 
-unknown-:5 - null
-unknown-:5 - null
-unknown-:8 - 
-unknown-:5 - null
-unknown-:5 - null
-unknown-:8 - 
-unknown-:8 - 
-unknown-:5 - null
-unknown-:5 - null
-unknown-:8 - 
-unknown-:5 - null
-unknown-:5 - null
-unknown-:8 - 
-unknown-:8 - 
-unknown-:8 - 
-unknown-:8 - 
-unknown-:5 - null
-unknown-:5 - null
-unknown-:8 - 
-unknown-:5 - null
-unknown-:5 - null
-unknown-:8 - 
-unknown-:8 - 
-unknown-:5 - null
-unknown-:5 - null
-unknown-:8 - 
-unknown-:5 - null
-unknown-:5 - null
-unknown-:8 - 
-unknown-:8 - 
-unknown-:8 - 
-unknown-:5 - null
-unknown-:5 - null
-unknown-:8 - 
-unknown-:5 - null
-unknown-:5 - null
-unknown-:8 - 
-unknown-:8 - 
-unknown-:5 - null
-unknown-:5 - null
-unknown-:8 - 
-unknown-:5 - null
-unknown-:5 - null
17:03:49.868 feature call failed: classpath:DemoApi/karate/features/sample.feature
arg: null
-unknown-:5 - null
-unknown-:5 - null
17:03:49.889 feature call failed: classpath:DemoApi/karate/features/sample.feature
arg: null
-unknown-:5 - null
-unknown-:5 - null
17:03:49.890 feature call failed: classpath:DemoApi/karate/features/sample.feature
arg: null
-unknown-:8 - 
-unknown-:5 - null
-unknown-:5 - null
-unknown-:8 - 
-unknown-:5 - null
-unknown-:5 - null
17:03:49.922 feature call failed: classpath:DemoApi/karate/features/sample.feature
arg: null
-unknown-:5 - null
-unknown-:5 - null
17:03:49.939 feature call failed: classpath:DemoApi/karate/features/sample.feature
arg: null
-unknown-:5 - null
-unknown-:5 - null
17:03:49.940 feature call failed: classpath:DemoApi/karate/features/sample.feature
arg: null
-unknown-:8 - 
-unknown-:5 - null
-unknown-:5 - null
-unknown-:8 - 
-unknown-:5 - null
-unknown-:5 - null
17:03:49.940 feature call failed: classpath:DemoApi/karate/features/sample.feature
arg: null
-unknown-:8 - 
-unknown-:8 - 
-unknown-:5 - null
-unknown-:5 - null
-unknown-:8 - 
-unknown-:5 - null
-unknown-:5 - null
-unknown-:8 - 
-unknown-:8 - 
-unknown-:5 - null
-unknown-:5 - null
-unknown-:8 - 
-unknown-:5 - null
-unknown-:5 - null
17:03:49.969 feature call failed: classpath:DemoApi/karate/features/sample.feature
arg: null
-unknown-:5 - null
-unknown-:5 - null
17:03:49.983 feature call failed: classpath:DemoApi/karate/features/sample.feature
arg: null
-unknown-:5 - null
-unknown-:5 - null
17:03:49.984 feature call failed: classpath:DemoApi/karate/features/sample.feature
arg: null
-unknown-:8 - 
-unknown-:5 - null
-unknown-:5 - null
-unknown-:8 - 
-unknown-:5 - null
-unknown-:5 - null
17:03:50.007 feature call failed: classpath:DemoApi/karate/features/sample.feature
arg: null
-unknown-:5 - null
-unknown-:5 - null
17:03:50.024 feature call failed: classpath:DemoApi/karate/features/sample.feature
arg: null
-unknown-:5 - null
-unknown-:5 - null
17:03:50.024 feature call failed: classpath:DemoApi/karate/features/sample.feature
arg: null
-unknown-:8 - 
-unknown-:5 - null
-unknown-:5 - null
-unknown-:8 - 
-unknown-:5 - null
-unknown-:5 - null
17:03:50.025 feature call failed: classpath:DemoApi/karate/features/sample.feature
arg: null
-unknown-:8 - 
-unknown-:8 - 
-unknown-:5 - null
-unknown-:5 - null
-unknown-:8 - 
-unknown-:5 - null
-unknown-:5 - null
-unknown-:8 - 
-unknown-:8 - 
-unknown-:5 - null
-unknown-:5 - null
-unknown-:8 - 
-unknown-:5 - null
-unknown-:5 - null
17:03:50.026 feature call failed: classpath:DemoApi/karate/features/sample.feature
arg: null
-unknown-:8 - 
-unknown-:8 - 
-unknown-:8 - 
-unknown-:5 - null
-unknown-:5 - null
-unknown-:8 - 
-unknown-:5 - null
-unknown-:5 - null
-unknown-:8 - 
-unknown-:8 - 
-unknown-:5 - null
-unknown-:5 - null
-unknown-:8 - 
-unknown-:5 - null
-unknown-:5 - null
-unknown-:8 - 
-unknown-:8 - 
-unknown-:8 - 
-unknown-:5 - null
-unknown-:5 - null
-unknown-:8 - 
-unknown-:5 - null
-unknown-:5 - null
-unknown-:8 - 
-unknown-:8 - 
-unknown-:5 - null
-unknown-:5 - null
-unknown-:8 - 
-unknown-:5 - null
-unknown-:5 - null
17:03:50.065 feature call failed: classpath:DemoApi/karate/features/sample.feature
arg: null
-unknown-:5 - null
-unknown-:5 - null
17:03:50.080 feature call failed: classpath:DemoApi/karate/features/sample.feature
arg: null
-unknown-:5 - null
-unknown-:5 - null
17:03:50.081 feature call failed: classpath:DemoApi/karate/features/sample.feature
arg: null
-unknown-:8 - 
-unknown-:5 - null
-unknown-:5 - null
-unknown-:8 - 
-unknown-:5 - null
-unknown-:5 - null
17:03:50.103 feature call failed: classpath:DemoApi/karate/features/sample.feature
arg: null
-unknown-:5 - null
-unknown-:5 - null
17:03:50.120 feature call failed: classpath:DemoApi/karate/features/sample.feature
arg: null
-unknown-:5 - null
-unknown-:5 - null
17:03:50.121 feature call failed: classpath:DemoApi/karate/features/sample.feature
arg: null
-unknown-:8 - 
-unknown-:5 - null
-unknown-:5 - null
-unknown-:8 - 
-unknown-:5 - null
-unknown-:5 - null
17:03:50.122 feature call failed: classpath:DemoApi/karate/features/sample.feature
arg: null
-unknown-:8 - 
-unknown-:8 - 
-unknown-:5 - null
-unknown-:5 - null
-unknown-:8 - 
-unknown-:5 - null
-unknown-:5 - null
-unknown-:8 - 
-unknown-:8 - 
-unknown-:5 - null
-unknown-:5 - null
-unknown-:8 - 
-unknown-:5 - null
-unknown-:5 - null
17:03:50.153 feature call failed: classpath:DemoApi/karate/features/sample.feature
arg: null
-unknown-:5 - null
-unknown-:5 - null
17:03:50.174 feature call failed: classpath:DemoApi/karate/features/sample.feature
arg: null
-unknown-:5 - null
-unknown-:5 - null
17:03:50.175 feature call failed: classpath:DemoApi/karate/features/sample.feature
arg: null
-unknown-:8 - 
-unknown-:5 - null
-unknown-:5 - null
-unknown-:8 - 
-unknown-:5 - null
-unknown-:5 - null
17:03:50.198 feature call failed: classpath:DemoApi/karate/features/sample.feature
arg: null
-unknown-:5 - null
-unknown-:5 - null
17:03:50.213 feature call failed: classpath:DemoApi/karate/features/sample.feature
arg: null
-unknown-:5 - null
-unknown-:5 - null
17:03:50.214 feature call failed: classpath:DemoApi/karate/features/sample.feature
arg: null
-unknown-:8 - 
-unknown-:5 - null
-unknown-:5 - null
-unknown-:8 - 
-unknown-:5 - null
-unknown-:5 - null
17:03:50.215 feature call failed: classpath:DemoApi/karate/features/sample.feature
arg: null
-unknown-:8 - 
-unknown-:8 - 
-unknown-:5 - null
-unknown-:5 - null
-unknown-:8 - 
-unknown-:5 - null
-unknown-:5 - null
-unknown-:8 - 
-unknown-:8 - 
-unknown-:5 - null
-unknown-:5 - null
-unknown-:8 - 
-unknown-:5 - null
-unknown-:5 - null
17:03:50.216 feature call failed: classpath:DemoApi/karate/features/sample.feature
arg: null
-unknown-:8 - 
-unknown-:8 - 
-unknown-:8 - 
-unknown-:5 - null
-unknown-:5 - null
-unknown-:8 - 
-unknown-:5 - null
-unknown-:5 - null
-unknown-:8 - 
-unknown-:8 - 
-unknown-:5 - null
-unknown-:5 - null
-unknown-:8 - 
-unknown-:5 - null
-unknown-:5 - null
-unknown-:8 - 
-unknown-:8 - 
-unknown-:8 - 
-unknown-:5 - null
-unknown-:5 - null
-unknown-:8 - 
-unknown-:5 - null
-unknown-:5 - null
-unknown-:8 - 
-unknown-:8 - 
-unknown-:5 - null
-unknown-:5 - null
-unknown-:8 - 
-unknown-:5 - null
-unknown-:5 - null
17:03:50.216 feature call failed: classpath:DemoApi/karate/features/sample.feature
arg: null
-unknown-:8 - 
-unknown-:8 - 
-unknown-:8 - 
-unknown-:8 - 
-unknown-:5 - null
-unknown-:5 - null
-unknown-:8 - 
-unknown-:5 - null
-unknown-:5 - null
-unknown-:8 - 
-unknown-:8 - 
-unknown-:5 - null
-unknown-:5 - null
-unknown-:8 - 
-unknown-:5 - null
-unknown-:5 - null
-unknown-:8 - 
-unknown-:8 - 
-unknown-:8 - 
-unknown-:5 - null
-unknown-:5 - null
-unknown-:8 - 
-unknown-:5 - null
-unknown-:5 - null
-unknown-:8 - 
-unknown-:8 - 
-unknown-:5 - null
-unknown-:5 - null
-unknown-:8 - 
-unknown-:5 - null
-unknown-:5 - null
-unknown-:8 - 
-unknown-:8 - 
-unknown-:8 - 
-unknown-:8 - 
-unknown-:5 - null
-unknown-:5 - null
-unknown-:8 - 
-unknown-:5 - null
-unknown-:5 - null
-unknown-:8 - 
-unknown-:8 - 
-unknown-:5 - null
-unknown-:5 - null
-unknown-:8 - 
-unknown-:5 - null
-unknown-:5 - null
-unknown-:8 - 
-unknown-:8 - 
-unknown-:8 - 
-unknown-:5 - null
-unknown-:5 - null
-unknown-:8 - 
-unknown-:5 - null
-unknown-:5 - null
-unknown-:8 - 
-unknown-:8 - 
-unknown-:5 - null
-unknown-:5 - null
-unknown-:8 - 
-unknown-:5 - null
-unknown-:5 - null
17:03:50.271 feature call failed: classpath:DemoApi/karate/features/sample.feature
arg: null
-unknown-:5 - null
-unknown-:5 - null
17:03:50.297 feature call failed: classpath:DemoApi/karate/features/sample.feature
arg: null
-unknown-:5 - null
-unknown-:5 - null
17:03:50.298 feature call failed: classpath:DemoApi/karate/features/sample.feature
arg: null
-unknown-:8 - 
-unknown-:5 - null
-unknown-:5 - null
-unknown-:8 - 
-unknown-:5 - null
-unknown-:5 - null
17:03:50.345 feature call failed: classpath:DemoApi/karate/features/sample.feature
arg: null
-unknown-:5 - null
-unknown-:5 - null
17:03:50.394 feature call failed: classpath:DemoApi/karate/features/sample.feature
arg: null
-unknown-:5 - null
-unknown-:5 - null
17:03:50.401 feature call failed: classpath:DemoApi/karate/features/sample.feature
arg: null
-unknown-:8 - 
-unknown-:5 - null
-unknown-:5 - null
-unknown-:8 - 
-unknown-:5 - null
-unknown-:5 - null
17:03:50.402 feature call failed: classpath:DemoApi/karate/features/sample.feature
arg: null
-unknown-:8 - 
-unknown-:8 - 
-unknown-:5 - null
-unknown-:5 - null
-unknown-:8 - 
-unknown-:5 - null
-unknown-:5 - null
-unknown-:8 - 
-unknown-:8 - 
-unknown-:5 - null
-unknown-:5 - null
-unknown-:8 - 
-unknown-:5 - null
-unknown-:5 - null
17:03:50.453 feature call failed: classpath:DemoApi/karate/features/sample.feature
arg: null
-unknown-:5 - null
-unknown-:5 - null
17:03:50.477 feature call failed: classpath:DemoApi/karate/features/sample.feature
arg: null
-unknown-:5 - null
-unknown-:5 - null
17:03:50.478 feature call failed: classpath:DemoApi/karate/features/sample.feature
arg: null
-unknown-:8 - 
-unknown-:5 - null
-unknown-:5 - null
-unknown-:8 - 
-unknown-:5 - null
-unknown-:5 - null
17:03:50.534 feature call failed: classpath:DemoApi/karate/features/sample.feature
arg: null
-unknown-:5 - null
-unknown-:5 - null
17:03:50.721 feature call failed: classpath:DemoApi/karate/features/sample.feature
arg: null
-unknown-:5 - null
-unknown-:5 - null
17:03:50.722 feature call failed: classpath:DemoApi/karate/features/sample.feature
arg: null
-unknown-:8 - 
-unknown-:5 - null
-unknown-:5 - null
-unknown-:8 - 
-unknown-:5 - null
-unknown-:5 - null
17:03:50.723 feature call failed: classpath:DemoApi/karate/features/sample.feature
arg: null
-unknown-:8 - 
-unknown-:8 - 
-unknown-:5 - null
-unknown-:5 - null
-unknown-:8 - 
-unknown-:5 - null
-unknown-:5 - null
-unknown-:8 - 
-unknown-:8 - 
-unknown-:5 - null
-unknown-:5 - null
-unknown-:8 - 
-unknown-:5 - null
-unknown-:5 - null
17:03:50.725 feature call failed: classpath:DemoApi/karate/features/sample.feature
arg: null
-unknown-:8 - 
-unknown-:8 - 
-unknown-:8 - 
-unknown-:5 - null
-unknown-:5 - null
-unknown-:8 - 
-unknown-:5 - null
-unknown-:5 - null
-unknown-:8 - 
-unknown-:8 - 
-unknown-:5 - null
-unknown-:5 - null
-unknown-:8 - 
-unknown-:5 - null
-unknown-:5 - null
-unknown-:8 - 
-unknown-:8 - 
-unknown-:8 - 
-unknown-:5 - null
-unknown-:5 - null
-unknown-:8 - 
-unknown-:5 - null
-unknown-:5 - null
-unknown-:8 - 
-unknown-:8 - 
-unknown-:5 - null
-unknown-:5 - null
-unknown-:8 - 
-unknown-:5 - null
-unknown-:5 - null
17:03:50.775 feature call failed: classpath:DemoApi/karate/features/sample.feature
arg: null
-unknown-:5 - null
-unknown-:5 - null
17:03:50.796 feature call failed: classpath:DemoApi/karate/features/sample.feature
arg: null
-unknown-:5 - null
-unknown-:5 - null
17:03:50.796 feature call failed: classpath:DemoApi/karate/features/sample.feature
arg: null
-unknown-:8 - 
-unknown-:5 - null
-unknown-:5 - null
-unknown-:8 - 
-unknown-:5 - null
-unknown-:5 - null
17:03:50.820 feature call failed: classpath:DemoApi/karate/features/sample.feature
arg: null
-unknown-:5 - null
-unknown-:5 - null
17:03:50.836 feature call failed: classpath:DemoApi/karate/features/sample.feature
arg: null
-unknown-:5 - null
-unknown-:5 - null
17:03:50.837 feature call failed: classpath:DemoApi/karate/features/sample.feature
arg: null
-unknown-:8 - 
-unknown-:5 - null
-unknown-:5 - null
-unknown-:8 - 
-unknown-:5 - null
-unknown-:5 - null
17:03:50.837 feature call failed: classpath:DemoApi/karate/features/sample.feature
arg: null
-unknown-:8 - 
-unknown-:8 - 
-unknown-:5 - null
-unknown-:5 - null
-unknown-:8 - 
-unknown-:5 - null
-unknown-:5 - null
-unknown-:8 - 
-unknown-:8 - 
-unknown-:5 - null
-unknown-:5 - null
-unknown-:8 - 
-unknown-:5 - null
-unknown-:5 - null
17:03:50.871 feature call failed: classpath:DemoApi/karate/features/sample.feature
arg: null
-unknown-:5 - null
-unknown-:5 - null
17:03:50.891 feature call failed: classpath:DemoApi/karate/features/sample.feature
arg: null
-unknown-:5 - null
-unknown-:5 - null
17:03:50.892 feature call failed: classpath:DemoApi/karate/features/sample.feature
arg: null
-unknown-:8 - 
-unknown-:5 - null
-unknown-:5 - null
-unknown-:8 - 
-unknown-:5 - null
-unknown-:5 - null
17:03:50.919 feature call failed: classpath:DemoApi/karate/features/sample.feature
arg: null
-unknown-:5 - null
-unknown-:5 - null
17:03:50.943 feature call failed: classpath:DemoApi/karate/features/sample.feature
arg: null
-unknown-:5 - null
-unknown-:5 - null
17:03:50.945 feature call failed: classpath:DemoApi/karate/features/sample.feature
arg: null
-unknown-:8 - 
-unknown-:5 - null
-unknown-:5 - null
-unknown-:8 - 
-unknown-:5 - null
-unknown-:5 - null
17:03:50.946 feature call failed: classpath:DemoApi/karate/features/sample.feature
arg: null
-unknown-:8 - 
-unknown-:8 - 
-unknown-:5 - null
-unknown-:5 - null
-unknown-:8 - 
-unknown-:5 - null
-unknown-:5 - null
-unknown-:8 - 
-unknown-:8 - 
-unknown-:5 - null
-unknown-:5 - null
-unknown-:8 - 
-unknown-:5 - null
-unknown-:5 - null
17:03:50.948 feature call failed: classpath:DemoApi/karate/features/sample.feature
arg: null
-unknown-:8 - 
-unknown-:8 - 
-unknown-:8 - 
-unknown-:5 - null
-unknown-:5 - null
-unknown-:8 - 
-unknown-:5 - null
-unknown-:5 - null
-unknown-:8 - 
-unknown-:8 - 
-unknown-:5 - null
-unknown-:5 - null
-unknown-:8 - 
-unknown-:5 - null
-unknown-:5 - null
-unknown-:8 - 
-unknown-:8 - 
-unknown-:8 - 
-unknown-:5 - null
-unknown-:5 - null
-unknown-:8 - 
-unknown-:5 - null
-unknown-:5 - null
-unknown-:8 - 
-unknown-:8 - 
-unknown-:5 - null
-unknown-:5 - null
-unknown-:8 - 
-unknown-:5 - null
-unknown-:5 - null
17:03:50.949 feature call failed: classpath:DemoApi/karate/features/sample.feature
arg: null
-unknown-:8 - 
-unknown-:8 - 
-unknown-:8 - 
-unknown-:8 - 
-unknown-:5 - null
-unknown-:5 - null
-unknown-:8 - 
-unknown-:5 - null
-unknown-:5 - null
-unknown-:8 - 
-unknown-:8 - 
-unknown-:5 - null
-unknown-:5 - null
-unknown-:8 - 
-unknown-:5 - null
-unknown-:5 - null
-unknown-:8 - 
-unknown-:8 - 
-unknown-:8 - 
-unknown-:5 - null
-unknown-:5 - null
-unknown-:8 - 
-unknown-:5 - null
-unknown-:5 - null
-unknown-:8 - 
-unknown-:8 - 
-unknown-:5 - null
-unknown-:5 - null
-unknown-:8 - 
-unknown-:5 - null
-unknown-:5 - null
-unknown-:8 - 
-unknown-:8 - 
-unknown-:8 - 
-unknown-:8 - 
-unknown-:5 - null
-unknown-:5 - null
-unknown-:8 - 
-unknown-:5 - null
-unknown-:5 - null
-unknown-:8 - 
-unknown-:8 - 
-unknown-:5 - null
-unknown-:5 - null
-unknown-:8 - 
-unknown-:5 - null
-unknown-:5 - null
-unknown-:8 - 
-unknown-:8 - 
-unknown-:8 - 
-unknown-:5 - null
-unknown-:5 - null
-unknown-:8 - 
-unknown-:5 - null
-unknown-:5 - null
-unknown-:8 - 
-unknown-:8 - 
-unknown-:5 - null
-unknown-:5 - null
-unknown-:8 - 
-unknown-:5 - null
-unknown-:5 - null
17:03:50.950 feature call failed: classpath:DemoApi/karate/features/sample.feature
arg: null
-unknown-:8 - 
-unknown-:8 - 
-unknown-:8 - 
-unknown-:8 - 
-unknown-:8 - 
-unknown-:5 - null
-unknown-:5 - null
-unknown-:8 - 
-unknown-:5 - null
-unknown-:5 - null
-unknown-:8 - 
-unknown-:8 - 
-unknown-:5 - null
-unknown-:5 - null
-unknown-:8 - 
-unknown-:5 - null
-unknown-:5 - null
-unknown-:8 - 
-unknown-:8 - 
-unknown-:8 - 
-unknown-:5 - null
-unknown-:5 - null
-unknown-:8 - 
-unknown-:5 - null
-unknown-:5 - null
-unknown-:8 - 
-unknown-:8 - 
-unknown-:5 - null
-unknown-:5 - null
-unknown-:8 - 
-unknown-:5 - null
-unknown-:5 - null
-unknown-:8 - 
-unknown-:8 - 
-unknown-:8 - 
-unknown-:8 - 
-unknown-:5 - null
-unknown-:5 - null
-unknown-:8 - 
-unknown-:5 - null
-unknown-:5 - null
-unknown-:8 - 
-unknown-:8 - 
-unknown-:5 - null
-unknown-:5 - null
-unknown-:8 - 
-unknown-:5 - null
-unknown-:5 - null
-unknown-:8 - 
-unknown-:8 - 
-unknown-:8 - 
-unknown-:5 - null
-unknown-:5 - null
-unknown-:8 - 
-unknown-:5 - null
-unknown-:5 - null
-unknown-:8 - 
-unknown-:8 - 
-unknown-:5 - null
-unknown-:5 - null
-unknown-:8 - 
-unknown-:5 - null
-unknown-:5 - null
-unknown-:8 - 
-unknown-:8 - 
-unknown-:8 - 
-unknown-:8 - 
-unknown-:8 - 
-unknown-:5 - null
-unknown-:5 - null
-unknown-:8 - 
-unknown-:5 - null
-unknown-:5 - null
-unknown-:8 - 
-unknown-:8 - 
-unknown-:5 - null
-unknown-:5 - null
-unknown-:8 - 
-unknown-:5 - null
-unknown-:5 - null
-unknown-:8 - 
-unknown-:8 - 
-unknown-:8 - 
-unknown-:5 - null
-unknown-:5 - null
-unknown-:8 - 
-unknown-:5 - null
-unknown-:5 - null
-unknown-:8 - 
-unknown-:8 - 
-unknown-:5 - null
-unknown-:5 - null
-unknown-:8 - 
-unknown-:5 - null
-unknown-:5 - null
-unknown-:8 - 
-unknown-:8 - 
-unknown-:8 - 
-unknown-:8 - 
-unknown-:5 - null
-unknown-:5 - null
-unknown-:8 - 
-unknown-:5 - null
-unknown-:5 - null
-unknown-:8 - 
-unknown-:8 - 
-unknown-:5 - null
-unknown-:5 - null
-unknown-:8 - 
-unknown-:5 - null
-unknown-:5 - null
-unknown-:8 - 
-unknown-:8 - 
-unknown-:8 - 
-unknown-:5 - null
-unknown-:5 - null
-unknown-:8 - 
-unknown-:5 - null
-unknown-:5 - null
-unknown-:8 - 
-unknown-:8 - 
-unknown-:5 - null
-unknown-:5 - null
-unknown-:8 - 
-unknown-:5 - null
-unknown-:5 - null
17:03:50.951 feature call failed: classpath:DemoApi/karate/features/sample.feature
arg: null
-unknown-:8 - 
-unknown-:8 - 
-unknown-:8 - 
-unknown-:8 - 
-unknown-:8 - 
-unknown-:8 - 
-unknown-:8 - 
-unknown-:5 - null
-unknown-:5 - null
-unknown-:8 - 
-unknown-:5 - null
-unknown-:5 - null
-unknown-:8 - 
-unknown-:8 - 
-unknown-:5 - null
-unknown-:5 - null
-unknown-:8 - 
-unknown-:5 - null
-unknown-:5 - null
-unknown-:8 - 
-unknown-:8 - 
-unknown-:8 - 
-unknown-:5 - null
-unknown-:5 - null
-unknown-:8 - 
-unknown-:5 - null
-unknown-:5 - null
-unknown-:8 - 
-unknown-:8 - 
-unknown-:5 - null
-unknown-:5 - null
-unknown-:8 - 
-unknown-:5 - null
-unknown-:5 - null
-unknown-:8 - 
-unknown-:8 - 
-unknown-:8 - 
-unknown-:8 - 
-unknown-:5 - null
-unknown-:5 - null
-unknown-:8 - 
-unknown-:5 - null
-unknown-:5 - null
-unknown-:8 - 
-unknown-:8 - 
-unknown-:5 - null
-unknown-:5 - null
-unknown-:8 - 
-unknown-:5 - null
-unknown-:5 - null
-unknown-:8 - 
-unknown-:8 - 
-unknown-:8 - 
-unknown-:5 - null
-unknown-:5 - null
-unknown-:8 - 
-unknown-:5 - null
-unknown-:5 - null
-unknown-:8 - 
-unknown-:8 - 
-unknown-:5 - null
-unknown-:5 - null
-unknown-:8 - 
-unknown-:5 - null
-unknown-:5 - null
-unknown-:8 - 
-unknown-:8 - 
-unknown-:8 - 
-unknown-:8 - 
-unknown-:8 - 
-unknown-:5 - null
-unknown-:5 - null
-unknown-:8 - 
-unknown-:5 - null
-unknown-:5 - null
-unknown-:8 - 
-unknown-:8 - 
-unknown-:5 - null
-unknown-:5 - null
-unknown-:8 - 
-unknown-:5 - null
-unknown-:5 - null
-unknown-:8 - 
-unknown-:8 - 
-unknown-:8 - 
-unknown-:5 - null
-unknown-:5 - null
-unknown-:8 - 
-unknown-:5 - null
-unknown-:5 - null
-unknown-:8 - 
-unknown-:8 - 
-unknown-:5 - null
-unknown-:5 - null
-unknown-:8 - 
-unknown-:5 - null
-unknown-:5 - null
-unknown-:8 - 
-unknown-:8 - 
-unknown-:8 - 
-unknown-:8 - 
-unknown-:5 - null
-unknown-:5 - null
-unknown-:8 - 
-unknown-:5 - null
-unknown-:5 - null
-unknown-:8 - 
-unknown-:8 - 
-unknown-:5 - null
-unknown-:5 - null
-unknown-:8 - 
-unknown-:5 - null
-unknown-:5 - null
-unknown-:8 - 
-unknown-:8 - 
-unknown-:8 - 
-unknown-:5 - null
-unknown-:5 - null
-unknown-:8 - 
-unknown-:5 - null
-unknown-:5 - null
-unknown-:8 - 
-unknown-:8 - 
-unknown-:5 - null
-unknown-:5 - null
-unknown-:8 - 
-unknown-:5 - null
-unknown-:5 - null
-unknown-:8 - 
-unknown-:8 - 
-unknown-:8 - 
-unknown-:8 - 
-unknown-:8 - 
-unknown-:8 - 
-unknown-:5 - null
-unknown-:5 - null
-unknown-:8 - 
-unknown-:5 - null
-unknown-:5 - null
-unknown-:8 - 
-unknown-:8 - 
-unknown-:5 - null
-unknown-:5 - null
-unknown-:8 - 
-unknown-:5 - null
-unknown-:5 - null
-unknown-:8 - 
-unknown-:8 - 
-unknown-:8 - 
-unknown-:5 - null
-unknown-:5 - null
-unknown-:8 - 
-unknown-:5 - null
-unknown-:5 - null
-unknown-:8 - 
-unknown-:8 - 
-unknown-:5 - null
-unknown-:5 - null
-unknown-:8 - 
-unknown-:5 - null
-unknown-:5 - null
-unknown-:8 - 
-unknown-:8 - 
-unknown-:8 - 
-unknown-:5 - null
-unknown-:5 - null
-unknown-:8 - 
-unknown-:5 - null
-unknown-:5 - null
-unknown-:8 - 
-unknown-:8 - 
-unknown-:5 - null
-unknown-:5 - null
-unknown-:8 - 
-unknown-:5 - null
-unknown-:5 - null
-unknown-:8 - 
-unknown-:8 - 
-unknown-:8 - 
-unknown-:8 - 
-unknown-:5 - null
-unknown-:5 - null
-unknown-:8 - 
-unknown-:5 - null
-unknown-:5 - null
-unknown-:8 - 
-unknown-:8 - 
-unknown-:5 - null
-unknown-:5 - null
-unknown-:8 - 
-unknown-:5 - null
-unknown-:5 - null
-unknown-:8 - 
-unknown-:8 - 
-unknown-:8 - 
-unknown-:5 - null
-unknown-:5 - null
-unknown-:8 - 
-unknown-:5 - null
-unknown-:5 - null
-unknown-:8 - 
-unknown-:8 - 
-unknown-:5 - null
-unknown-:5 - null
-unknown-:8 - 
-unknown-:5 - null
-unknown-:5 - null
-unknown-:8 - 
-unknown-:8 - 
-unknown-:8 - 
-unknown-:8 - 
-unknown-:8 - 
-unknown-:8 - 
-unknown-:5 - null
-unknown-:5 - null
-unknown-:8 - 
-unknown-:5 - null
-unknown-:5 - null
-unknown-:8 - 
-unknown-:8 - 
-unknown-:5 - null
-unknown-:5 - null
-unknown-:8 - 
-unknown-:5 - null
-unknown-:5 - null
-unknown-:8 - 
-unknown-:8 - 
-unknown-:8 - 
-unknown-:5 - null
-unknown-:5 - null
-unknown-:8 - 
-unknown-:5 - null
-unknown-:5 - null
-unknown-:8 - 
-unknown-:8 - 
-unknown-:5 - null
-unknown-:5 - null
-unknown-:8 - 
-unknown-:5 - null
-unknown-:5 - null
-unknown-:8 - 
-unknown-:8 - 
-unknown-:8 - 
-unknown-:8 - 
-unknown-:5 - null
-unknown-:5 - null
-unknown-:8 - 
-unknown-:5 - null
-unknown-:5 - null
-unknown-:8 - 
-unknown-:8 - 
-unknown-:5 - null
-unknown-:5 - null
-unknown-:8 - 
-unknown-:5 - null
-unknown-:5 - null
-unknown-:8 - 
-unknown-:8 - 
-unknown-:8 - 
-unknown-:5 - null
-unknown-:5 - null
-unknown-:8 - 
-unknown-:5 - null
-unknown-:5 - null
-unknown-:8 - 
-unknown-:8 - 
-unknown-:5 - null
-unknown-:5 - null
-unknown-:8 - 
-unknown-:5 - null
-unknown-:5 - null
-unknown-:8 - 
-unknown-:8 - 
-unknown-:8 - 
-unknown-:8 - 
-unknown-:8 - 
-unknown-:5 - null
-unknown-:5 - null
-unknown-:8 - 
-unknown-:5 - null
-unknown-:5 - null
-unknown-:8 - 
-unknown-:8 - 
-unknown-:5 - null
-unknown-:5 - null
-unknown-:8 - 
-unknown-:5 - null
-unknown-:5 - null
-unknown-:8 - 
-unknown-:8 - 
-unknown-:8 - 
-unknown-:5 - null
-unknown-:5 - null
-unknown-:8 - 
-unknown-:5 - null
-unknown-:5 - null
-unknown-:8 - 
-unknown-:8 - 
-unknown-:5 - null
-unknown-:5 - null
-unknown-:8 - 
-unknown-:5 - null
-unknown-:5 - null
-unknown-:8 - 
-unknown-:8 - 
-unknown-:8 - 
-unknown-:8 - 
-unknown-:5 - null
-unknown-:5 - null
-unknown-:8 - 
-unknown-:5 - null
-unknown-:5 - null
-unknown-:8 - 
-unknown-:8 - 
-unknown-:5 - null
-unknown-:5 - null
-unknown-:8 - 
-unknown-:5 - null
-unknown-:5 - null
-unknown-:8 - 
-unknown-:8 - 
-unknown-:8 - 
-unknown-:5 - null
-unknown-:5 - null
-unknown-:8 - 
-unknown-:5 - null
-unknown-:5 - null
-unknown-:8 - 
-unknown-:8 - 
-unknown-:5 - null
-unknown-:5 - null
-unknown-:8 - 
-unknown-:5 - null
-unknown-:5 - null
17:03:51.036 feature call failed: classpath:DemoApi/karate/features/sample.feature
arg: null
-unknown-:5 - null
-unknown-:5 - null
17:03:51.058 feature call failed: classpath:DemoApi/karate/features/sample.feature
arg: null
-unknown-:5 - null
-unknown-:5 - null
17:03:51.059 feature call failed: classpath:DemoApi/karate/features/sample.feature
arg: null
-unknown-:8 - 
-unknown-:5 - null
-unknown-:5 - null
-unknown-:8 - 
-unknown-:5 - null
-unknown-:5 - null
17:03:51.089 feature call failed: classpath:DemoApi/karate/features/sample.feature
arg: null
-unknown-:5 - null
-unknown-:5 - null
17:03:51.106 feature call failed: classpath:DemoApi/karate/features/sample.feature
arg: null
-unknown-:5 - null
-unknown-:5 - null
17:03:51.107 feature call failed: classpath:DemoApi/karate/features/sample.feature
arg: null
-unknown-:8 - 
-unknown-:5 - null
-unknown-:5 - null
-unknown-:8 - 
-unknown-:5 - null
-unknown-:5 - null
17:03:51.108 feature call failed: classpath:DemoApi/karate/features/sample.feature
arg: null
-unknown-:8 - 
-unknown-:8 - 
-unknown-:5 - null
-unknown-:5 - null
-unknown-:8 - 
-unknown-:5 - null
-unknown-:5 - null
-unknown-:8 - 
-unknown-:8 - 
-unknown-:5 - null
-unknown-:5 - null
-unknown-:8 - 
-unknown-:5 - null
-unknown-:5 - null
17:03:51.149 feature call failed: classpath:DemoApi/karate/features/sample.feature
arg: null
-unknown-:5 - null
-unknown-:5 - null
17:03:51.170 feature call failed: classpath:DemoApi/karate/features/sample.feature
arg: null
-unknown-:5 - null
-unknown-:5 - null
17:03:51.172 feature call failed: classpath:DemoApi/karate/features/sample.feature
arg: null
-unknown-:8 - 
-unknown-:5 - null
-unknown-:5 - null
-unknown-:8 - 
-unknown-:5 - null
-unknown-:5 - null
17:03:51.202 feature call failed: classpath:DemoApi/karate/features/sample.feature
arg: null
-unknown-:5 - null
-unknown-:5 - null
17:03:51.223 feature call failed: classpath:DemoApi/karate/features/sample.feature
arg: null
-unknown-:5 - null
-unknown-:5 - null
17:03:51.224 feature call failed: classpath:DemoApi/karate/features/sample.feature
arg: null
-unknown-:8 - 
-unknown-:5 - null
-unknown-:5 - null
-unknown-:8 - 
-unknown-:5 - null
-unknown-:5 - null
17:03:51.225 feature call failed: classpath:DemoApi/karate/features/sample.feature
arg: null
-unknown-:8 - 
-unknown-:8 - 
-unknown-:5 - null
-unknown-:5 - null
-unknown-:8 - 
-unknown-:5 - null
-unknown-:5 - null
-unknown-:8 - 
-unknown-:8 - 
-unknown-:5 - null
-unknown-:5 - null
-unknown-:8 - 
-unknown-:5 - null
-unknown-:5 - null
17:03:51.225 feature call failed: classpath:DemoApi/karate/features/sample.feature
arg: null
-unknown-:8 - 
-unknown-:8 - 
-unknown-:8 - 
-unknown-:5 - null
-unknown-:5 - null
-unknown-:8 - 
-unknown-:5 - null
-unknown-:5 - null
-unknown-:8 - 
-unknown-:8 - 
-unknown-:5 - null
-unknown-:5 - null
-unknown-:8 - 
-unknown-:5 - null
-unknown-:5 - null
-unknown-:8 - 
-unknown-:8 - 
-unknown-:8 - 
-unknown-:5 - null
-unknown-:5 - null
-unknown-:8 - 
-unknown-:5 - null
-unknown-:5 - null
-unknown-:8 - 
-unknown-:8 - 
-unknown-:5 - null
-unknown-:5 - null
-unknown-:8 - 
-unknown-:5 - null
-unknown-:5 - null
17:03:51.266 feature call failed: classpath:DemoApi/karate/features/sample.feature
arg: null
-unknown-:5 - null
-unknown-:5 - null
17:03:51.283 feature call failed: classpath:DemoApi/karate/features/sample.feature
arg: null
-unknown-:5 - null
-unknown-:5 - null
17:03:51.284 feature call failed: classpath:DemoApi/karate/features/sample.feature
arg: null
-unknown-:8 - 
-unknown-:5 - null
-unknown-:5 - null
-unknown-:8 - 
-unknown-:5 - null
-unknown-:5 - null
17:03:51.314 feature call failed: classpath:DemoApi/karate/features/sample.feature
arg: null
-unknown-:5 - null
-unknown-:5 - null
17:03:51.334 feature call failed: classpath:DemoApi/karate/features/sample.feature
arg: null
-unknown-:5 - null
-unknown-:5 - null
17:03:51.335 feature call failed: classpath:DemoApi/karate/features/sample.feature
arg: null
-unknown-:8 - 
-unknown-:5 - null
-unknown-:5 - null
-unknown-:8 - 
-unknown-:5 - null
-unknown-:5 - null
17:03:51.336 feature call failed: classpath:DemoApi/karate/features/sample.feature
arg: null
-unknown-:8 - 
-unknown-:8 - 
-unknown-:5 - null
-unknown-:5 - null
-unknown-:8 - 
-unknown-:5 - null
-unknown-:5 - null
-unknown-:8 - 
-unknown-:8 - 
-unknown-:5 - null
-unknown-:5 - null
-unknown-:8 - 
-unknown-:5 - null
-unknown-:5 - null
17:03:51.373 feature call failed: classpath:DemoApi/karate/features/sample.feature
arg: null
-unknown-:5 - null
-unknown-:5 - null
17:03:51.392 feature call failed: classpath:DemoApi/karate/features/sample.feature
arg: null
-unknown-:5 - null
-unknown-:5 - null
17:03:51.393 feature call failed: classpath:DemoApi/karate/features/sample.feature
arg: null
-unknown-:8 - 
-unknown-:5 - null
-unknown-:5 - null
-unknown-:8 - 
-unknown-:5 - null
-unknown-:5 - null
17:03:51.416 feature call failed: classpath:DemoApi/karate/features/sample.feature
arg: null
-unknown-:5 - null
-unknown-:5 - null
17:03:51.436 feature call failed: classpath:DemoApi/karate/features/sample.feature
arg: null
-unknown-:5 - null
-unknown-:5 - null
17:03:51.437 feature call failed: classpath:DemoApi/karate/features/sample.feature
arg: null
-unknown-:8 - 
-unknown-:5 - null
-unknown-:5 - null
-unknown-:8 - 
-unknown-:5 - null
-unknown-:5 - null
17:03:51.438 feature call failed: classpath:DemoApi/karate/features/sample.feature
arg: null
-unknown-:8 - 
-unknown-:8 - 
-unknown-:5 - null
-unknown-:5 - null
-unknown-:8 - 
-unknown-:5 - null
-unknown-:5 - null
-unknown-:8 - 
-unknown-:8 - 
-unknown-:5 - null
-unknown-:5 - null
-unknown-:8 - 
-unknown-:5 - null
-unknown-:5 - null
17:03:51.439 feature call failed: classpath:DemoApi/karate/features/sample.feature
arg: null
-unknown-:8 - 
-unknown-:8 - 
-unknown-:8 - 
-unknown-:5 - null
-unknown-:5 - null
-unknown-:8 - 
-unknown-:5 - null
-unknown-:5 - null
-unknown-:8 - 
-unknown-:8 - 
-unknown-:5 - null
-unknown-:5 - null
-unknown-:8 - 
-unknown-:5 - null
-unknown-:5 - null
-unknown-:8 - 
-unknown-:8 - 
-unknown-:8 - 
-unknown-:5 - null
-unknown-:5 - null
-unknown-:8 - 
-unknown-:5 - null
-unknown-:5 - null
-unknown-:8 - 
-unknown-:8 - 
-unknown-:5 - null
-unknown-:5 - null
-unknown-:8 - 
-unknown-:5 - null
-unknown-:5 - null
17:03:51.440 feature call failed: classpath:DemoApi/karate/features/sample.feature
arg: null
-unknown-:8 - 
-unknown-:8 - 
-unknown-:8 - 
-unknown-:8 - 
-unknown-:5 - null
-unknown-:5 - null
-unknown-:8 - 
-unknown-:5 - null
-unknown-:5 - null
-unknown-:8 - 
-unknown-:8 - 
-unknown-:5 - null
-unknown-:5 - null
-unknown-:8 - 
-unknown-:5 - null
-unknown-:5 - null
-unknown-:8 - 
-unknown-:8 - 
-unknown-:8 - 
-unknown-:5 - null
-unknown-:5 - null
-unknown-:8 - 
-unknown-:5 - null
-unknown-:5 - null
-unknown-:8 - 
-unknown-:8 - 
-unknown-:5 - null
-unknown-:5 - null
-unknown-:8 - 
-unknown-:5 - null
-unknown-:5 - null
-unknown-:8 - 
-unknown-:8 - 
-unknown-:8 - 
-unknown-:8 - 
-unknown-:5 - null
-unknown-:5 - null
-unknown-:8 - 
-unknown-:5 - null
-unknown-:5 - null
-unknown-:8 - 
-unknown-:8 - 
-unknown-:5 - null
-unknown-:5 - null
-unknown-:8 - 
-unknown-:5 - null
-unknown-:5 - null
-unknown-:8 - 
-unknown-:8 - 
-unknown-:8 - 
-unknown-:5 - null
-unknown-:5 - null
-unknown-:8 - 
-unknown-:5 - null
-unknown-:5 - null
-unknown-:8 - 
-unknown-:8 - 
-unknown-:5 - null
-unknown-:5 - null
-unknown-:8 - 
-unknown-:5 - null
-unknown-:5 - null
17:03:51.495 feature call failed: classpath:DemoApi/karate/features/sample.feature
arg: null
-unknown-:5 - null
-unknown-:5 - null
17:03:51.516 feature call failed: classpath:DemoApi/karate/features/sample.feature
arg: null
-unknown-:5 - null
-unknown-:5 - null
17:03:51.517 feature call failed: classpath:DemoApi/karate/features/sample.feature
arg: null
-unknown-:8 - 
-unknown-:5 - null
-unknown-:5 - null
-unknown-:8 - 
-unknown-:5 - null
-unknown-:5 - null
17:03:51.551 feature call failed: classpath:DemoApi/karate/features/sample.feature
arg: null
-unknown-:5 - null
-unknown-:5 - null
17:03:51.572 feature call failed: classpath:DemoApi/karate/features/sample.feature
arg: null
-unknown-:5 - null
-unknown-:5 - null
17:03:51.573 feature call failed: classpath:DemoApi/karate/features/sample.feature
arg: null
-unknown-:8 - 
-unknown-:5 - null
-unknown-:5 - null
-unknown-:8 - 
-unknown-:5 - null
-unknown-:5 - null
17:03:51.574 feature call failed: classpath:DemoApi/karate/features/sample.feature
arg: null
-unknown-:8 - 
-unknown-:8 - 
-unknown-:5 - null
-unknown-:5 - null
-unknown-:8 - 
-unknown-:5 - null
-unknown-:5 - null
-unknown-:8 - 
-unknown-:8 - 
-unknown-:5 - null
-unknown-:5 - null
-unknown-:8 - 
-unknown-:5 - null
-unknown-:5 - null
17:03:51.614 feature call failed: classpath:DemoApi/karate/features/sample.feature
arg: null
-unknown-:5 - null
-unknown-:5 - null
17:03:51.633 feature call failed: classpath:DemoApi/karate/features/sample.feature
arg: null
-unknown-:5 - null
-unknown-:5 - null
17:03:51.634 feature call failed: classpath:DemoApi/karate/features/sample.feature
arg: null
-unknown-:8 - 
-unknown-:5 - null
-unknown-:5 - null
-unknown-:8 - 
-unknown-:5 - null
-unknown-:5 - null
17:03:51.671 feature call failed: classpath:DemoApi/karate/features/sample.feature
arg: null
-unknown-:5 - null
-unknown-:5 - null
17:03:51.691 feature call failed: classpath:DemoApi/karate/features/sample.feature
arg: null
-unknown-:5 - null
-unknown-:5 - null
17:03:51.692 feature call failed: classpath:DemoApi/karate/features/sample.feature
arg: null
-unknown-:8 - 
-unknown-:5 - null
-unknown-:5 - null
-unknown-:8 - 
-unknown-:5 - null
-unknown-:5 - null
17:03:51.693 feature call failed: classpath:DemoApi/karate/features/sample.feature
arg: null
-unknown-:8 - 
-unknown-:8 - 
-unknown-:5 - null
-unknown-:5 - null
-unknown-:8 - 
-unknown-:5 - null
-unknown-:5 - null
-unknown-:8 - 
-unknown-:8 - 
-unknown-:5 - null
-unknown-:5 - null
-unknown-:8 - 
-unknown-:5 - null
-unknown-:5 - null
17:03:51.693 feature call failed: classpath:DemoApi/karate/features/sample.feature
arg: null
-unknown-:8 - 
-unknown-:8 - 
-unknown-:8 - 
-unknown-:5 - null
-unknown-:5 - null
-unknown-:8 - 
-unknown-:5 - null
-unknown-:5 - null
-unknown-:8 - 
-unknown-:8 - 
-unknown-:5 - null
-unknown-:5 - null
-unknown-:8 - 
-unknown-:5 - null
-unknown-:5 - null
-unknown-:8 - 
-unknown-:8 - 
-unknown-:8 - 
-unknown-:5 - null
-unknown-:5 - null
-unknown-:8 - 
-unknown-:5 - null
-unknown-:5 - null
-unknown-:8 - 
-unknown-:8 - 
-unknown-:5 - null
-unknown-:5 - null
-unknown-:8 - 
-unknown-:5 - null
-unknown-:5 - null
17:03:51.750 feature call failed: classpath:DemoApi/karate/features/sample.feature
arg: null
-unknown-:5 - null
-unknown-:5 - null
17:03:51.774 feature call failed: classpath:DemoApi/karate/features/sample.feature
arg: null
-unknown-:5 - null
-unknown-:5 - null
17:03:51.775 feature call failed: classpath:DemoApi/karate/features/sample.feature
arg: null
-unknown-:8 - 
-unknown-:5 - null
-unknown-:5 - null
-unknown-:8 - 
-unknown-:5 - null
-unknown-:5 - null
17:03:51.806 feature call failed: classpath:DemoApi/karate/features/sample.feature
arg: null
-unknown-:5 - null
-unknown-:5 - null
17:03:51.828 feature call failed: classpath:DemoApi/karate/features/sample.feature
arg: null
-unknown-:5 - null
-unknown-:5 - null
17:03:51.829 feature call failed: classpath:DemoApi/karate/features/sample.feature
arg: null
-unknown-:8 - 
-unknown-:5 - null
-unknown-:5 - null
-unknown-:8 - 
-unknown-:5 - null
-unknown-:5 - null
17:03:51.831 feature call failed: classpath:DemoApi/karate/features/sample.feature
arg: null
-unknown-:8 - 
-unknown-:8 - 
-unknown-:5 - null
-unknown-:5 - null
-unknown-:8 - 
-unknown-:5 - null
-unknown-:5 - null
-unknown-:8 - 
-unknown-:8 - 
-unknown-:5 - null
-unknown-:5 - null
-unknown-:8 - 
-unknown-:5 - null
-unknown-:5 - null
17:03:51.868 feature call failed: classpath:DemoApi/karate/features/sample.feature
arg: null
-unknown-:5 - null
-unknown-:5 - null
17:03:51.888 feature call failed: classpath:DemoApi/karate/features/sample.feature
arg: null
-unknown-:5 - null
-unknown-:5 - null
17:03:51.889 feature call failed: classpath:DemoApi/karate/features/sample.feature
arg: null
-unknown-:8 - 
-unknown-:5 - null
-unknown-:5 - null
-unknown-:8 - 
-unknown-:5 - null
-unknown-:5 - null
17:03:51.915 feature call failed: classpath:DemoApi/karate/features/sample.feature
arg: null
-unknown-:5 - null
-unknown-:5 - null
17:03:51.933 feature call failed: classpath:DemoApi/karate/features/sample.feature
arg: null
-unknown-:5 - null
-unknown-:5 - null
17:03:51.934 feature call failed: classpath:DemoApi/karate/features/sample.feature
arg: null
-unknown-:8 - 
-unknown-:5 - null
-unknown-:5 - null
-unknown-:8 - 
-unknown-:5 - null
-unknown-:5 - null
17:03:51.935 feature call failed: classpath:DemoApi/karate/features/sample.feature
arg: null
-unknown-:8 - 
-unknown-:8 - 
-unknown-:5 - null
-unknown-:5 - null
-unknown-:8 - 
-unknown-:5 - null
-unknown-:5 - null
-unknown-:8 - 
-unknown-:8 - 
-unknown-:5 - null
-unknown-:5 - null
-unknown-:8 - 
-unknown-:5 - null
-unknown-:5 - null
17:03:51.935 feature call failed: classpath:DemoApi/karate/features/sample.feature
arg: null
-unknown-:8 - 
-unknown-:8 - 
-unknown-:8 - 
-unknown-:5 - null
-unknown-:5 - null
-unknown-:8 - 
-unknown-:5 - null
-unknown-:5 - null
-unknown-:8 - 
-unknown-:8 - 
-unknown-:5 - null
-unknown-:5 - null
-unknown-:8 - 
-unknown-:5 - null
-unknown-:5 - null
-unknown-:8 - 
-unknown-:8 - 
-unknown-:8 - 
-unknown-:5 - null
-unknown-:5 - null
-unknown-:8 - 
-unknown-:5 - null
-unknown-:5 - null
-unknown-:8 - 
-unknown-:8 - 
-unknown-:5 - null
-unknown-:5 - null
-unknown-:8 - 
-unknown-:5 - null
-unknown-:5 - null
17:03:51.936 feature call failed: classpath:DemoApi/karate/features/sample.feature
arg: null
-unknown-:8 - 
-unknown-:8 - 
-unknown-:8 - 
-unknown-:8 - 
-unknown-:5 - null
-unknown-:5 - null
-unknown-:8 - 
-unknown-:5 - null
-unknown-:5 - null
-unknown-:8 - 
-unknown-:8 - 
-unknown-:5 - null
-unknown-:5 - null
-unknown-:8 - 
-unknown-:5 - null
-unknown-:5 - null
-unknown-:8 - 
-unknown-:8 - 
-unknown-:8 - 
-unknown-:5 - null
-unknown-:5 - null
-unknown-:8 - 
-unknown-:5 - null
-unknown-:5 - null
-unknown-:8 - 
-unknown-:8 - 
-unknown-:5 - null
-unknown-:5 - null
-unknown-:8 - 
-unknown-:5 - null
-unknown-:5 - null
-unknown-:8 - 
-unknown-:8 - 
-unknown-:8 - 
-unknown-:8 - 
-unknown-:5 - null
-unknown-:5 - null
-unknown-:8 - 
-unknown-:5 - null
-unknown-:5 - null
-unknown-:8 - 
-unknown-:8 - 
-unknown-:5 - null
-unknown-:5 - null
-unknown-:8 - 
-unknown-:5 - null
-unknown-:5 - null
-unknown-:8 - 
-unknown-:8 - 
-unknown-:8 - 
-unknown-:5 - null
-unknown-:5 - null
-unknown-:8 - 
-unknown-:5 - null
-unknown-:5 - null
-unknown-:8 - 
-unknown-:8 - 
-unknown-:5 - null
-unknown-:5 - null
-unknown-:8 - 
-unknown-:5 - null
-unknown-:5 - null
17:03:51.937 feature call failed: classpath:DemoApi/karate/features/sample.feature
arg: null
-unknown-:8 - 
-unknown-:8 - 
-unknown-:8 - 
-unknown-:8 - 
-unknown-:8 - 
-unknown-:5 - null
-unknown-:5 - null
-unknown-:8 - 
-unknown-:5 - null
-unknown-:5 - null
-unknown-:8 - 
-unknown-:8 - 
-unknown-:5 - null
-unknown-:5 - null
-unknown-:8 - 
-unknown-:5 - null
-unknown-:5 - null
-unknown-:8 - 
-unknown-:8 - 
-unknown-:8 - 
-unknown-:5 - null
-unknown-:5 - null
-unknown-:8 - 
-unknown-:5 - null
-unknown-:5 - null
-unknown-:8 - 
-unknown-:8 - 
-unknown-:5 - null
-unknown-:5 - null
-unknown-:8 - 
-unknown-:5 - null
-unknown-:5 - null
-unknown-:8 - 
-unknown-:8 - 
-unknown-:8 - 
-unknown-:8 - 
-unknown-:5 - null
-unknown-:5 - null
-unknown-:8 - 
-unknown-:5 - null
-unknown-:5 - null
-unknown-:8 - 
-unknown-:8 - 
-unknown-:5 - null
-unknown-:5 - null
-unknown-:8 - 
-unknown-:5 - null
-unknown-:5 - null
-unknown-:8 - 
-unknown-:8 - 
-unknown-:8 - 
-unknown-:5 - null
-unknown-:5 - null
-unknown-:8 - 
-unknown-:5 - null
-unknown-:5 - null
-unknown-:8 - 
-unknown-:8 - 
-unknown-:5 - null
-unknown-:5 - null
-unknown-:8 - 
-unknown-:5 - null
-unknown-:5 - null
-unknown-:8 - 
-unknown-:8 - 
-unknown-:8 - 
-unknown-:8 - 
-unknown-:8 - 
-unknown-:5 - null
-unknown-:5 - null
-unknown-:8 - 
-unknown-:5 - null
-unknown-:5 - null
-unknown-:8 - 
-unknown-:8 - 
-unknown-:5 - null
-unknown-:5 - null
-unknown-:8 - 
-unknown-:5 - null
-unknown-:5 - null
-unknown-:8 - 
-unknown-:8 - 
-unknown-:8 - 
-unknown-:5 - null
-unknown-:5 - null
-unknown-:8 - 
-unknown-:5 - null
-unknown-:5 - null
-unknown-:8 - 
-unknown-:8 - 
-unknown-:5 - null
-unknown-:5 - null
-unknown-:8 - 
-unknown-:5 - null
-unknown-:5 - null
-unknown-:8 - 
-unknown-:8 - 
-unknown-:8 - 
-unknown-:8 - 
-unknown-:5 - null
-unknown-:5 - null
-unknown-:8 - 
-unknown-:5 - null
-unknown-:5 - null
-unknown-:8 - 
-unknown-:8 - 
-unknown-:5 - null
-unknown-:5 - null
-unknown-:8 - 
-unknown-:5 - null
-unknown-:5 - null
-unknown-:8 - 
-unknown-:8 - 
-unknown-:8 - 
-unknown-:5 - null
-unknown-:5 - null
-unknown-:8 - 
-unknown-:5 - null
-unknown-:5 - null
-unknown-:8 - 
-unknown-:8 - 
-unknown-:5 - null
-unknown-:5 - null
-unknown-:8 - 
-unknown-:5 - null
-unknown-:5 - null
17:03:52.002 feature call failed: classpath:DemoApi/karate/features/sample.feature
arg: null
-unknown-:5 - null
-unknown-:5 - null
17:03:52.022 feature call failed: classpath:DemoApi/karate/features/sample.feature
arg: null
-unknown-:5 - null
-unknown-:5 - null
17:03:52.023 feature call failed: classpath:DemoApi/karate/features/sample.feature
arg: null
-unknown-:8 - 
-unknown-:5 - null
-unknown-:5 - null
-unknown-:8 - 
-unknown-:5 - null
-unknown-:5 - null
17:03:52.056 feature call failed: classpath:DemoApi/karate/features/sample.feature
arg: null
-unknown-:5 - null
-unknown-:5 - null
17:03:52.079 feature call failed: classpath:DemoApi/karate/features/sample.feature
arg: null
-unknown-:5 - null
-unknown-:5 - null
17:03:52.080 feature call failed: classpath:DemoApi/karate/features/sample.feature
arg: null
-unknown-:8 - 
-unknown-:5 - null
-unknown-:5 - null
-unknown-:8 - 
-unknown-:5 - null
-unknown-:5 - null
17:03:52.082 feature call failed: classpath:DemoApi/karate/features/sample.feature
arg: null
-unknown-:8 - 
-unknown-:8 - 
-unknown-:5 - null
-unknown-:5 - null
-unknown-:8 - 
-unknown-:5 - null
-unknown-:5 - null
-unknown-:8 - 
-unknown-:8 - 
-unknown-:5 - null
-unknown-:5 - null
-unknown-:8 - 
-unknown-:5 - null
-unknown-:5 - null
17:03:52.125 feature call failed: classpath:DemoApi/karate/features/sample.feature
arg: null
-unknown-:5 - null
-unknown-:5 - null
17:03:52.147 feature call failed: classpath:DemoApi/karate/features/sample.feature
arg: null
-unknown-:5 - null
-unknown-:5 - null
17:03:52.148 feature call failed: classpath:DemoApi/karate/features/sample.feature
arg: null
-unknown-:8 - 
-unknown-:5 - null
-unknown-:5 - null
-unknown-:8 - 
-unknown-:5 - null
-unknown-:5 - null
17:03:52.180 feature call failed: classpath:DemoApi/karate/features/sample.feature
arg: null
-unknown-:5 - null
-unknown-:5 - null
17:03:52.202 feature call failed: classpath:DemoApi/karate/features/sample.feature
arg: null
-unknown-:5 - null
-unknown-:5 - null
17:03:52.203 feature call failed: classpath:DemoApi/karate/features/sample.feature
arg: null
-unknown-:8 - 
-unknown-:5 - null
-unknown-:5 - null
-unknown-:8 - 
-unknown-:5 - null
-unknown-:5 - null
17:03:52.204 feature call failed: classpath:DemoApi/karate/features/sample.feature
arg: null
-unknown-:8 - 
-unknown-:8 - 
-unknown-:5 - null
-unknown-:5 - null
-unknown-:8 - 
-unknown-:5 - null
-unknown-:5 - null
-unknown-:8 - 
-unknown-:8 - 
-unknown-:5 - null
-unknown-:5 - null
-unknown-:8 - 
-unknown-:5 - null
-unknown-:5 - null
17:03:52.205 feature call failed: classpath:DemoApi/karate/features/sample.feature
arg: null
-unknown-:8 - 
-unknown-:8 - 
-unknown-:8 - 
-unknown-:5 - null
-unknown-:5 - null
-unknown-:8 - 
-unknown-:5 - null
-unknown-:5 - null
-unknown-:8 - 
-unknown-:8 - 
-unknown-:5 - null
-unknown-:5 - null
-unknown-:8 - 
-unknown-:5 - null
-unknown-:5 - null
-unknown-:8 - 
-unknown-:8 - 
-unknown-:8 - 
-unknown-:5 - null
-unknown-:5 - null
-unknown-:8 - 
-unknown-:5 - null
-unknown-:5 - null
-unknown-:8 - 
-unknown-:8 - 
-unknown-:5 - null
-unknown-:5 - null
-unknown-:8 - 
-unknown-:5 - null
-unknown-:5 - null
17:03:52.253 feature call failed: classpath:DemoApi/karate/features/sample.feature
arg: null
-unknown-:5 - null
-unknown-:5 - null
17:03:52.270 feature call failed: classpath:DemoApi/karate/features/sample.feature
arg: null
-unknown-:5 - null
-unknown-:5 - null
17:03:52.272 feature call failed: classpath:DemoApi/karate/features/sample.feature
arg: null
-unknown-:8 - 
-unknown-:5 - null
-unknown-:5 - null
-unknown-:8 - 
-unknown-:5 - null
-unknown-:5 - null
17:03:52.305 feature call failed: classpath:DemoApi/karate/features/sample.feature
arg: null
-unknown-:5 - null
-unknown-:5 - null
17:03:52.326 feature call failed: classpath:DemoApi/karate/features/sample.feature
arg: null
-unknown-:5 - null
-unknown-:5 - null
17:03:52.328 feature call failed: classpath:DemoApi/karate/features/sample.feature
arg: null
-unknown-:8 - 
-unknown-:5 - null
-unknown-:5 - null
-unknown-:8 - 
-unknown-:5 - null
-unknown-:5 - null
17:03:52.329 feature call failed: classpath:DemoApi/karate/features/sample.feature
arg: null
-unknown-:8 - 
-unknown-:8 - 
-unknown-:5 - null
-unknown-:5 - null
-unknown-:8 - 
-unknown-:5 - null
-unknown-:5 - null
-unknown-:8 - 
-unknown-:8 - 
-unknown-:5 - null
-unknown-:5 - null
-unknown-:8 - 
-unknown-:5 - null
-unknown-:5 - null
17:03:52.371 feature call failed: classpath:DemoApi/karate/features/sample.feature
arg: null
-unknown-:5 - null
-unknown-:5 - null
17:03:52.390 feature call failed: classpath:DemoApi/karate/features/sample.feature
arg: null
-unknown-:5 - null
-unknown-:5 - null
17:03:52.392 feature call failed: classpath:DemoApi/karate/features/sample.feature
arg: null
-unknown-:8 - 
-unknown-:5 - null
-unknown-:5 - null
-unknown-:8 - 
-unknown-:5 - null
-unknown-:5 - null
17:03:52.423 feature call failed: classpath:DemoApi/karate/features/sample.feature
arg: null
-unknown-:5 - null
-unknown-:5 - null
17:03:52.446 feature call failed: classpath:DemoApi/karate/features/sample.feature
arg: null
-unknown-:5 - null
-unknown-:5 - null
17:03:52.447 feature call failed: classpath:DemoApi/karate/features/sample.feature
arg: null
-unknown-:8 - 
-unknown-:5 - null
-unknown-:5 - null
-unknown-:8 - 
-unknown-:5 - null
-unknown-:5 - null
17:03:52.448 feature call failed: classpath:DemoApi/karate/features/sample.feature
arg: null
-unknown-:8 - 
-unknown-:8 - 
-unknown-:5 - null
-unknown-:5 - null
-unknown-:8 - 
-unknown-:5 - null
-unknown-:5 - null
-unknown-:8 - 
-unknown-:8 - 
-unknown-:5 - null
-unknown-:5 - null
-unknown-:8 - 
-unknown-:5 - null
-unknown-:5 - null
17:03:52.449 feature call failed: classpath:DemoApi/karate/features/sample.feature
arg: null
-unknown-:8 - 
-unknown-:8 - 
-unknown-:8 - 
-unknown-:5 - null
-unknown-:5 - null
-unknown-:8 - 
-unknown-:5 - null
-unknown-:5 - null
-unknown-:8 - 
-unknown-:8 - 
-unknown-:5 - null
-unknown-:5 - null
-unknown-:8 - 
-unknown-:5 - null
-unknown-:5 - null
-unknown-:8 - 
-unknown-:8 - 
-unknown-:8 - 
-unknown-:5 - null
-unknown-:5 - null
-unknown-:8 - 
-unknown-:5 - null
-unknown-:5 - null
-unknown-:8 - 
-unknown-:8 - 
-unknown-:5 - null
-unknown-:5 - null
-unknown-:8 - 
-unknown-:5 - null
-unknown-:5 - null
17:03:52.450 feature call failed: classpath:DemoApi/karate/features/sample.feature
arg: null
-unknown-:8 - 
-unknown-:8 - 
-unknown-:8 - 
-unknown-:8 - 
-unknown-:5 - null
-unknown-:5 - null
-unknown-:8 - 
-unknown-:5 - null
-unknown-:5 - null
-unknown-:8 - 
-unknown-:8 - 
-unknown-:5 - null
-unknown-:5 - null
-unknown-:8 - 
-unknown-:5 - null
-unknown-:5 - null
-unknown-:8 - 
-unknown-:8 - 
-unknown-:8 - 
-unknown-:5 - null
-unknown-:5 - null
-unknown-:8 - 
-unknown-:5 - null
-unknown-:5 - null
-unknown-:8 - 
-unknown-:8 - 
-unknown-:5 - null
-unknown-:5 - null
-unknown-:8 - 
-unknown-:5 - null
-unknown-:5 - null
-unknown-:8 - 
-unknown-:8 - 
-unknown-:8 - 
-unknown-:8 - 
-unknown-:5 - null
-unknown-:5 - null
-unknown-:8 - 
-unknown-:5 - null
-unknown-:5 - null
-unknown-:8 - 
-unknown-:8 - 
-unknown-:5 - null
-unknown-:5 - null
-unknown-:8 - 
-unknown-:5 - null
-unknown-:5 - null
-unknown-:8 - 
-unknown-:8 - 
-unknown-:8 - 
-unknown-:5 - null
-unknown-:5 - null
-unknown-:8 - 
-unknown-:5 - null
-unknown-:5 - null
-unknown-:8 - 
-unknown-:8 - 
-unknown-:5 - null
-unknown-:5 - null
-unknown-:8 - 
-unknown-:5 - null
-unknown-:5 - null
17:03:52.510 feature call failed: classpath:DemoApi/karate/features/sample.feature
arg: null
-unknown-:5 - null
-unknown-:5 - null
17:03:52.541 feature call failed: classpath:DemoApi/karate/features/sample.feature
arg: null
-unknown-:5 - null
-unknown-:5 - null
17:03:52.543 feature call failed: classpath:DemoApi/karate/features/sample.feature
arg: null
-unknown-:8 - 
-unknown-:5 - null
-unknown-:5 - null
-unknown-:8 - 
-unknown-:5 - null
-unknown-:5 - null
17:03:52.603 feature call failed: classpath:DemoApi/karate/features/sample.feature
arg: null
-unknown-:5 - null
-unknown-:5 - null
17:03:52.642 feature call failed: classpath:DemoApi/karate/features/sample.feature
arg: null
-unknown-:5 - null
-unknown-:5 - null
17:03:52.644 feature call failed: classpath:DemoApi/karate/features/sample.feature
arg: null
-unknown-:8 - 
-unknown-:5 - null
-unknown-:5 - null
-unknown-:8 - 
-unknown-:5 - null
-unknown-:5 - null
17:03:52.647 feature call failed: classpath:DemoApi/karate/features/sample.feature
arg: null
-unknown-:8 - 
-unknown-:8 - 
-unknown-:5 - null
-unknown-:5 - null
-unknown-:8 - 
-unknown-:5 - null
-unknown-:5 - null
-unknown-:8 - 
-unknown-:8 - 
-unknown-:5 - null
-unknown-:5 - null
-unknown-:8 - 
-unknown-:5 - null
-unknown-:5 - null
17:03:52.718 feature call failed: classpath:DemoApi/karate/features/sample.feature
arg: null
-unknown-:8 - null
-unknown-:8 - null
17:03:52.788 feature call failed: classpath:DemoApi/karate/features/sample.feature
arg: null
-unknown-:8 - null
-unknown-:8 - null
17:03:52.790 feature call failed: classpath:DemoApi/karate/features/sample.feature
arg: null
-unknown-:8 - 
-unknown-:8 - null
-unknown-:8 - null
-unknown-:8 - 
-unknown-:8 - null
-unknown-:8 - null
17:03:52.865 feature call failed: classpath:DemoApi/karate/features/sample.feature
arg: null
-unknown-:8 - null
-unknown-:8 - null
17:03:52.915 feature call failed: classpath:DemoApi/karate/features/sample.feature
arg: null
-unknown-:8 - null
-unknown-:8 - null
17:03:52.915 feature call failed: classpath:DemoApi/karate/features/sample.feature
arg: null
-unknown-:8 - 
-unknown-:8 - null
-unknown-:8 - null
-unknown-:8 - 
-unknown-:8 - null
-unknown-:8 - null
17:03:52.916 feature call failed: classpath:DemoApi/karate/features/sample.feature
arg: null
-unknown-:8 - 
-unknown-:8 - 
-unknown-:8 - null
-unknown-:8 - null
-unknown-:8 - 
-unknown-:8 - null
-unknown-:8 - null
-unknown-:8 - 
-unknown-:8 - 
-unknown-:8 - null
-unknown-:8 - null
-unknown-:8 - 
-unknown-:8 - null
-unknown-:8 - null
17:03:52.917 feature call failed: classpath:DemoApi/karate/features/sample.feature
arg: null
-unknown-:8 - 
-unknown-:8 - 
-unknown-:8 - 
-unknown-:5 - null
-unknown-:5 - null
-unknown-:8 - 
-unknown-:5 - null
-unknown-:5 - null
-unknown-:8 - 
-unknown-:8 - 
-unknown-:5 - null
-unknown-:5 - null
-unknown-:8 - 
-unknown-:5 - null
-unknown-:5 - null
-unknown-:8 - 
-unknown-:8 - 
-unknown-:8 - 
-unknown-:8 - null
-unknown-:8 - null
-unknown-:8 - 
-unknown-:8 - null
-unknown-:8 - null
-unknown-:8 - 
-unknown-:8 - 
-unknown-:8 - null
-unknown-:8 - null
-unknown-:8 - 
-unknown-:8 - null
-unknown-:8 - null
17:03:53.028 feature call failed: classpath:DemoApi/karate/features/sample.feature
arg: null
-unknown-:8 - null
-unknown-:8 - null
17:03:53.099 feature call failed: classpath:DemoApi/karate/features/sample.feature
arg: null
-unknown-:8 - null
-unknown-:8 - null
17:03:53.102 feature call failed: classpath:DemoApi/karate/features/sample.feature
arg: null
-unknown-:8 - 
-unknown-:8 - null
-unknown-:8 - null
-unknown-:8 - 
-unknown-:8 - null
-unknown-:8 - null
17:03:53.175 feature call failed: classpath:DemoApi/karate/features/sample.feature
arg: null
-unknown-:8 - null
-unknown-:8 - null
17:03:53.436 feature call failed: classpath:DemoApi/karate/features/sample.feature
arg: null
-unknown-:8 - null
-unknown-:8 - null
17:03:53.439 feature call failed: classpath:DemoApi/karate/features/sample.feature
arg: null
-unknown-:8 - 
-unknown-:8 - null
-unknown-:8 - null
-unknown-:8 - 
-unknown-:8 - null
-unknown-:8 - null
17:03:53.442 feature call failed: classpath:DemoApi/karate/features/sample.feature
arg: null
-unknown-:8 - 
-unknown-:8 - 
-unknown-:8 - null
-unknown-:8 - null
-unknown-:8 - 
-unknown-:8 - null
-unknown-:8 - null
-unknown-:8 - 
-unknown-:8 - 
-unknown-:8 - null
-unknown-:8 - null
-unknown-:8 - 
-unknown-:8 - null
-unknown-:8 - null
17:03:53.534 feature call failed: classpath:DemoApi/karate/features/sample.feature
arg: null
-unknown-:8 - null
-unknown-:8 - null
